<html>
<head>
<title>TestNG:  Znalytics Execution Report - productmanagement smoke Smoke test scripts</title>
<link href="../testng.css" rel="stylesheet" type="text/css" />
<link href="../my-testng.css" rel="stylesheet" type="text/css" />

<style type="text/css">
.log { display: none;} 
.stack-trace { display: none;} 
</style>
<script type="text/javascript">
<!--
function flip(e) {
  current = e.style.display;
  if (current == 'block') {
    e.style.display = 'none';
    return 0;
  }
  else {
    e.style.display = 'block';
    return 1;
  }
}

function toggleBox(szDivId, elem, msg1, msg2)
{
  var res = -1;  if (document.getElementById) {
    res = flip(document.getElementById(szDivId));
  }
  else if (document.all) {
    // this is the way old msie versions work
    res = flip(document.all[szDivId]);
  }
  if(elem) {
    if(res == 0) elem.innerHTML = msg1; else elem.innerHTML = msg2;
  }

}

function toggleAllBoxes() {
  if (document.getElementsByTagName) {
    d = document.getElementsByTagName('div');
    for (i = 0; i < d.length; i++) {
      if (d[i].className == 'log') {
        flip(d[i]);
      }
    }
  }
}

// -->
</script>

</head>
<body>
<h2 align='center'>Znalytics Execution Report - productmanagement smoke Smoke test scripts</h2><table border='1' align="center">
<tr>
<td>Tests passed/Failed/Skipped:</td><td>4/5/0</td>
</tr><tr>
<td>Started on:</td><td>Sun Jan 17 11:00:19 IST 2016</td>
</tr>
<tr><td>Total time:</td><td>648 seconds (648377 ms)</td>
</tr><tr>
<td>Included groups:</td><td></td>
</tr><tr>
<td>Excluded groups:</td><td></td>
</tr>
</table><p/>
<small><i>(Hover the method name to see the test class name)</i></small><p/>
<table width='100%' border='1' class='invocation-failed'>
<tr><td colspan='4' align='center'><b>FAILED TESTS</b></td></tr>
<tr><td><b>Test method</b></td>
<td width="30%"><b>Exception</b></td>
<td width="10%"><b>Time (seconds)</b></td>
<td><b>Instance</b></td>
</tr>
<tr>
<td title='com.znalytics.productmanagement.tests.SmokeTestScripts.testAddProduct()'><b>testAddProduct</b><br>Test class: com.znalytics.productmanagement.tests.SmokeTestScripts<br/>
<a href="#Output-93199773" onClick='toggleBox("Output-93199773", this, "Show output", "Hide output");'>Show output</a>

<a href="#Output-93199773" onClick="toggleAllBoxes();">Show all outputs</a>
<div class='log' id="Output-93199773">
ProuctCode text field is enabled and present: Pass.<br/>
Saved <a href=C:\Users\home\workspace\GoldS\Reports\20160117\productmanagement_Smoke\screenshots\pass\testAddProductPage_20160117_110301.png>Screenshot</a><br/>
ProuctName text field is enabled and present: Pass.<br/>
Saved <a href=C:\Users\home\workspace\GoldS\Reports\20160117\productmanagement_Smoke\screenshots\pass\testAddProductPage_20160117_110307.png>Screenshot</a><br/>
ProuctDescription text field is enabled and present: Pass.<br/>
Saved <a href=C:\Users\home\workspace\GoldS\Reports\20160117\productmanagement_Smoke\screenshots\pass\testAddProductPage_20160117_110316.png>Screenshot</a><br/>
ProductTagLine text field is enabled and present: Pass.<br/>
Saved <a href=C:\Users\home\workspace\GoldS\Reports\20160117\productmanagement_Smoke\screenshots\pass\testAddProductPage_20160117_110323.png>Screenshot</a><br/>
EffectiveDateCalendarIcon is enabled and present: Pass.<br/>
Saved <a href=C:\Users\home\workspace\GoldS\Reports\20160117\productmanagement_Smoke\screenshots\pass\testAddProductPage_20160117_110334.png>Screenshot</a><br/>
ContractSourceSpanElement option is enabled and present: Pass.<br/>
Saved <a href=C:\Users\home\workspace\GoldS\Reports\20160117\productmanagement_Smoke\screenshots\pass\testAddProductPage_20160117_110342.png>Screenshot</a><br/>
ProductTypeElement is enabled and present: Pass.<br/>
Saved <a href=C:\Users\home\workspace\GoldS\Reports\20160117\productmanagement_Smoke\screenshots\pass\testAddProductPage_20160117_110349.png>Screenshot</a><br/>
ServiceTypeElement is enabled and present: Pass.<br/>
Saved <a href=C:\Users\home\workspace\GoldS\Reports\20160117\productmanagement_Smoke\screenshots\pass\testAddProductPage_20160117_110356.png>Screenshot</a><br/>
PricingAssignmentElement is enabled and present: Pass.<br/>
Saved <a href=C:\Users\home\workspace\GoldS\Reports\20160117\productmanagement_Smoke\screenshots\pass\testAddProductPage_20160117_110403.png>Screenshot</a><br/>
NextButton is enabled and present: Pass.<br/>
Saved <a href=C:\Users\home\workspace\GoldS\Reports\20160117\productmanagement_Smoke\screenshots\pass\testAddProductPage_20160117_110409.png>Screenshot</a><br/>
Saved <a href=C:\Users\home\workspace\GoldS\Reports\20160117\productmanagement_Smoke\screenshots\fail\testAddProduct_20160117_110447.png>Screenshot</a><br/>
</div>
</td>
<td><div><pre>org.openqa.selenium.NoSuchElementException: Unable to locate element: {&quot;method&quot;:&quot;xpath&quot;,&quot;selector&quot;:&quot;//button[contains(text(),&apos;Submit&apos;)]&quot;}
Command duration or timeout: 30.23 seconds
For documentation on this error, please visit: http://seleniumhq.org/exceptions/no_such_element.html
Build info: version: &apos;2.45.0&apos;, revision: &apos;5017cb8&apos;, time: &apos;2015-02-26 23:59:50&apos;
System info: host: &apos;home-PC&apos;, ip: &apos;10.112.57.32&apos;, os.name: &apos;Windows 7&apos;, os.arch: &apos;amd64&apos;, os.version: &apos;6.1&apos;, java.version: &apos;1.8.0_05&apos;
Driver info: org.openqa.selenium.firefox.FirefoxDriver
Capabilities [{applicationCacheEnabled=true, rotatable=false, handlesAlerts=true, databaseEnabled=true, version=31.0, platform=WINDOWS, nativeEvents=true, acceptSslCerts=true, webStorageEnabled=true, locationContextEnabled=true, browserName=firefox, takesScreenshot=true, javascriptEnabled=true, cssSelectorsEnabled=true}]
Session ID: 8fc41dfb-c4b4-4a02-8bbc-5cf8efea4269
*** Element info: {Using=xpath, value=//button[contains(text(),&apos;Submit&apos;)]}
	at org.openqa.selenium.remote.ErrorHandler.createThrowable(ErrorHandler.java:204)
	at org.openqa.selenium.remote.ErrorHandler.throwIfResponseFailed(ErrorHandler.java:156)
	at org.openqa.selenium.remote.RemoteWebDriver.execute(RemoteWebDriver.java:599)
	at org.openqa.selenium.remote.RemoteWebDriver.findElement(RemoteWebDriver.java:352)
	at org.openqa.selenium.remote.RemoteWebDriver.findElementByXPath(RemoteWebDriver.java:449)
	at org.openqa.selenium.By$ByXPath.findElement(By.java:357)
	at org.openqa.selenium.remote.RemoteWebDriver.findElement(RemoteWebDriver.java:344)
	at org.openqa.selenium.support.pagefactory.DefaultElementLocator.findElement(DefaultElementLocator.java:59)
	at org.openqa.selenium.support.pagefactory.internal.LocatingElementHandler.invoke(LocatingElementHandler.java:37)
	at com.sun.proxy.$Proxy6.getWrappedElement(Unknown Source)
	at org.openqa.selenium.remote.internal.WebElementToJsonConverter.apply(WebElementToJsonConverter.java:48)
	at com.google.common.collect.Iterators$8.transform(Iterators.java:799)
	at com.google.common.collect.TransformedIterator.next(TransformedIterator.java:48)
	at com.google.common.collect.Iterators.addAll(Iterators.java:362)
	at com.google.common.collect.Lists.newArrayList(Lists.java:160)
	at com.google.common.collect.Lists.newArrayList(Lists.java:144)
	at org.openqa.selenium.remote.RemoteWebDriver.executeScript(RemoteWebDriver.java:506)
	at com.znalytics.framework.utility.Element.highlightElement(Element.java:205)
	at com.znalytics.productmanagement.tests.SmokeTestScripts.testAddProduct(SmokeTestScripts.java:218)
	at com.znalytics.productmanagement.tests.ProductManagement.generateTestNGXML(ProductManagement.java:233)
	at com.znalytics.productmanagement.tests.ProductManagement.loadData(ProductManagement.java:64)
	at com.znalytics.framework.core.TestModules.executeModules(TestModules.java:63)
	at com.znalytics.framework.core.Start.parseClientsAndTests(Start.java:140)
	at com.znalytics.framework.core.Start.main(Start.java:59)
Caused by: org.openqa.selenium.NoSuchElementException: Unable to locate element: {&quot;method&quot;:&quot;xpath&quot;,&quot;selector&quot;:&quot;//button[contains(text(),&apos;Submit&apos;)]&quot;}
For documentation on this error, please visit: http://seleniumhq.org/exceptions/no_such_element.html
Build info: version: &apos;2.45.0&apos;, revision: &apos;5017cb8&apos;, time: &apos;2015-02-26 23:59:50&apos;
System info: host: &apos;home-PC&apos;, ip: &apos;10.112.57.32&apos;, os.name: &apos;Windows 7&apos;, os.arch: &apos;amd64&apos;, os.version: &apos;6.1&apos;, java.version: &apos;1.8.0_05&apos;
Driver info: driver.version: unknown
	at &lt;anonymous class&gt;.FirefoxDriver.prototype.findElementInternal_(file:///C:/Users/home/AppData/Local/Temp/anonymous888203349997052973webdriver-profile/extensions/fxdriver@googlecode.com/components/driver-component.js:10271)
	at &lt;anonymous class&gt;.fxdriver.Timer.prototype.setTimeout/&lt;.notify(file:///C:/Users/home/AppData/Local/Temp/anonymous888203349997052973webdriver-profile/extensions/fxdriver@googlecode.com/components/driver-component.js:603)
... Removed 24 stack frames</pre></div><a href='#' onClick='toggleBox("stack-trace93199773", this, "Click to show all stack frames", "Click to hide stack frames")'>Click to show all stack frames</a>
<div class='stack-trace' id='stack-trace93199773'><pre>org.openqa.selenium.NoSuchElementException: Unable to locate element: {&quot;method&quot;:&quot;xpath&quot;,&quot;selector&quot;:&quot;//button[contains(text(),&apos;Submit&apos;)]&quot;}
Command duration or timeout: 30.23 seconds
For documentation on this error, please visit: http://seleniumhq.org/exceptions/no_such_element.html
Build info: version: &apos;2.45.0&apos;, revision: &apos;5017cb8&apos;, time: &apos;2015-02-26 23:59:50&apos;
System info: host: &apos;home-PC&apos;, ip: &apos;10.112.57.32&apos;, os.name: &apos;Windows 7&apos;, os.arch: &apos;amd64&apos;, os.version: &apos;6.1&apos;, java.version: &apos;1.8.0_05&apos;
Driver info: org.openqa.selenium.firefox.FirefoxDriver
Capabilities [{applicationCacheEnabled=true, rotatable=false, handlesAlerts=true, databaseEnabled=true, version=31.0, platform=WINDOWS, nativeEvents=true, acceptSslCerts=true, webStorageEnabled=true, locationContextEnabled=true, browserName=firefox, takesScreenshot=true, javascriptEnabled=true, cssSelectorsEnabled=true}]
Session ID: 8fc41dfb-c4b4-4a02-8bbc-5cf8efea4269
*** Element info: {Using=xpath, value=//button[contains(text(),&apos;Submit&apos;)]}
	at sun.reflect.GeneratedConstructorAccessor14.newInstance(Unknown Source)
	at sun.reflect.DelegatingConstructorAccessorImpl.newInstance(DelegatingConstructorAccessorImpl.java:45)
	at java.lang.reflect.Constructor.newInstance(Constructor.java:408)
	at org.openqa.selenium.remote.ErrorHandler.createThrowable(ErrorHandler.java:204)
	at org.openqa.selenium.remote.ErrorHandler.throwIfResponseFailed(ErrorHandler.java:156)
	at org.openqa.selenium.remote.RemoteWebDriver.execute(RemoteWebDriver.java:599)
	at org.openqa.selenium.remote.RemoteWebDriver.findElement(RemoteWebDriver.java:352)
	at org.openqa.selenium.remote.RemoteWebDriver.findElementByXPath(RemoteWebDriver.java:449)
	at org.openqa.selenium.By$ByXPath.findElement(By.java:357)
	at org.openqa.selenium.remote.RemoteWebDriver.findElement(RemoteWebDriver.java:344)
	at org.openqa.selenium.support.pagefactory.DefaultElementLocator.findElement(DefaultElementLocator.java:59)
	at org.openqa.selenium.support.pagefactory.internal.LocatingElementHandler.invoke(LocatingElementHandler.java:37)
	at com.sun.proxy.$Proxy6.getWrappedElement(Unknown Source)
	at org.openqa.selenium.remote.internal.WebElementToJsonConverter.apply(WebElementToJsonConverter.java:48)
	at com.google.common.collect.Iterators$8.transform(Iterators.java:799)
	at com.google.common.collect.TransformedIterator.next(TransformedIterator.java:48)
	at com.google.common.collect.Iterators.addAll(Iterators.java:362)
	at com.google.common.collect.Lists.newArrayList(Lists.java:160)
	at com.google.common.collect.Lists.newArrayList(Lists.java:144)
	at org.openqa.selenium.remote.RemoteWebDriver.executeScript(RemoteWebDriver.java:506)
	at com.znalytics.framework.utility.Element.highlightElement(Element.java:205)
	at com.znalytics.productmanagement.tests.SmokeTestScripts.testAddProduct(SmokeTestScripts.java:218)
	at sun.reflect.NativeMethodAccessorImpl.invoke0(Native Method)
	at sun.reflect.NativeMethodAccessorImpl.invoke(NativeMethodAccessorImpl.java:62)
	at sun.reflect.DelegatingMethodAccessorImpl.invoke(DelegatingMethodAccessorImpl.java:43)
	at java.lang.reflect.Method.invoke(Method.java:483)
	at org.testng.internal.MethodInvocationHelper.invokeMethod(MethodInvocationHelper.java:84)
	at org.testng.internal.Invoker.invokeMethod(Invoker.java:714)
	at org.testng.internal.Invoker.invokeTestMethod(Invoker.java:901)
	at org.testng.internal.Invoker.invokeTestMethods(Invoker.java:1231)
	at org.testng.internal.TestMethodWorker.invokeTestMethods(TestMethodWorker.java:127)
	at org.testng.internal.TestMethodWorker.run(TestMethodWorker.java:111)
	at org.testng.TestRunner.privateRun(TestRunner.java:767)
	at org.testng.TestRunner.run(TestRunner.java:617)
	at org.testng.SuiteRunner.runTest(SuiteRunner.java:334)
	at org.testng.SuiteRunner.runSequentially(SuiteRunner.java:329)
	at org.testng.SuiteRunner.privateRun(SuiteRunner.java:291)
	at org.testng.SuiteRunner.run(SuiteRunner.java:240)
	at org.testng.SuiteRunnerWorker.runSuite(SuiteRunnerWorker.java:52)
	at org.testng.SuiteRunnerWorker.run(SuiteRunnerWorker.java:86)
	at org.testng.TestNG.runSuitesSequentially(TestNG.java:1224)
	at org.testng.TestNG.runSuitesLocally(TestNG.java:1149)
	at org.testng.TestNG.run(TestNG.java:1057)
	at com.znalytics.productmanagement.tests.ProductManagement.generateTestNGXML(ProductManagement.java:233)
	at com.znalytics.productmanagement.tests.ProductManagement.loadData(ProductManagement.java:64)
	at com.znalytics.framework.core.TestModules.executeModules(TestModules.java:63)
	at com.znalytics.framework.core.Start.parseClientsAndTests(Start.java:140)
	at com.znalytics.framework.core.Start.main(Start.java:59)
Caused by: org.openqa.selenium.NoSuchElementException: Unable to locate element: {&quot;method&quot;:&quot;xpath&quot;,&quot;selector&quot;:&quot;//button[contains(text(),&apos;Submit&apos;)]&quot;}
For documentation on this error, please visit: http://seleniumhq.org/exceptions/no_such_element.html
Build info: version: &apos;2.45.0&apos;, revision: &apos;5017cb8&apos;, time: &apos;2015-02-26 23:59:50&apos;
System info: host: &apos;home-PC&apos;, ip: &apos;10.112.57.32&apos;, os.name: &apos;Windows 7&apos;, os.arch: &apos;amd64&apos;, os.version: &apos;6.1&apos;, java.version: &apos;1.8.0_05&apos;
Driver info: driver.version: unknown
	at &lt;anonymous class&gt;.FirefoxDriver.prototype.findElementInternal_(file:///C:/Users/home/AppData/Local/Temp/anonymous888203349997052973webdriver-profile/extensions/fxdriver@googlecode.com/components/driver-component.js:10271)
	at &lt;anonymous class&gt;.fxdriver.Timer.prototype.setTimeout/&lt;.notify(file:///C:/Users/home/AppData/Local/Temp/anonymous888203349997052973webdriver-profile/extensions/fxdriver@googlecode.com/components/driver-component.js:603)
</pre></div></td>
<td>173</td>
<td>com.znalytics.productmanagement.tests.SmokeTestScripts@a38c7fe</td></tr>
<tr>
<td title='com.znalytics.common.tests.Logout.testLogout()'><b>testLogout</b><br>Test class: com.znalytics.common.tests.Logout<br/>
<a href="#Output-648786246" onClick='toggleBox("Output-648786246", this, "Show output", "Hide output");'>Show output</a>

<a href="#Output-648786246" onClick="toggleAllBoxes();">Show all outputs</a>
<div class='log' id="Output-648786246">
Saved <a href=C:\Users\home\workspace\GoldS\Reports\20160117\productmanagement_Smoke\screenshots\fail\testLogout_20160117_110151.png>Screenshot</a><br/>
</div>
</td>
<td><div><pre>java.lang.AssertionError: Unable to logout from application.
	at com.znalytics.common.tests.Logout.testLogout(Logout.java:31)
	at com.znalytics.productmanagement.tests.ProductManagement.generateTestNGXML(ProductManagement.java:233)
	at com.znalytics.productmanagement.tests.ProductManagement.loadData(ProductManagement.java:64)
	at com.znalytics.framework.core.TestModules.executeModules(TestModules.java:63)
	at com.znalytics.framework.core.Start.parseClientsAndTests(Start.java:140)
	at com.znalytics.framework.core.Start.main(Start.java:59)
... Removed 22 stack frames</pre></div><a href='#' onClick='toggleBox("stack-trace648786246", this, "Click to show all stack frames", "Click to hide stack frames")'>Click to show all stack frames</a>
<div class='stack-trace' id='stack-trace648786246'><pre>java.lang.AssertionError: Unable to logout from application.
	at org.testng.Assert.fail(Assert.java:94)
	at com.znalytics.common.tests.Logout.testLogout(Logout.java:31)
	at sun.reflect.NativeMethodAccessorImpl.invoke0(Native Method)
	at sun.reflect.NativeMethodAccessorImpl.invoke(NativeMethodAccessorImpl.java:62)
	at sun.reflect.DelegatingMethodAccessorImpl.invoke(DelegatingMethodAccessorImpl.java:43)
	at java.lang.reflect.Method.invoke(Method.java:483)
	at org.testng.internal.MethodInvocationHelper.invokeMethod(MethodInvocationHelper.java:84)
	at org.testng.internal.Invoker.invokeMethod(Invoker.java:714)
	at org.testng.internal.Invoker.invokeTestMethod(Invoker.java:901)
	at org.testng.internal.Invoker.invokeTestMethods(Invoker.java:1231)
	at org.testng.internal.TestMethodWorker.invokeTestMethods(TestMethodWorker.java:127)
	at org.testng.internal.TestMethodWorker.run(TestMethodWorker.java:111)
	at org.testng.TestRunner.privateRun(TestRunner.java:767)
	at org.testng.TestRunner.run(TestRunner.java:617)
	at org.testng.SuiteRunner.runTest(SuiteRunner.java:334)
	at org.testng.SuiteRunner.runSequentially(SuiteRunner.java:329)
	at org.testng.SuiteRunner.privateRun(SuiteRunner.java:291)
	at org.testng.SuiteRunner.run(SuiteRunner.java:240)
	at org.testng.SuiteRunnerWorker.runSuite(SuiteRunnerWorker.java:52)
	at org.testng.SuiteRunnerWorker.run(SuiteRunnerWorker.java:86)
	at org.testng.TestNG.runSuitesSequentially(TestNG.java:1224)
	at org.testng.TestNG.runSuitesLocally(TestNG.java:1149)
	at org.testng.TestNG.run(TestNG.java:1057)
	at com.znalytics.productmanagement.tests.ProductManagement.generateTestNGXML(ProductManagement.java:233)
	at com.znalytics.productmanagement.tests.ProductManagement.loadData(ProductManagement.java:64)
	at com.znalytics.framework.core.TestModules.executeModules(TestModules.java:63)
	at com.znalytics.framework.core.Start.parseClientsAndTests(Start.java:140)
	at com.znalytics.framework.core.Start.main(Start.java:59)
</pre></div></td>
<td>31</td>
<td>com.znalytics.common.tests.Logout@791f145a</td></tr>
<tr>
<td title='com.znalytics.productmanagement.tests.SmokeTestScripts.testNavigateToEditRateSchedule()'><b>testNavigateToEditRateSchedule</b><br>Test class: com.znalytics.productmanagement.tests.SmokeTestScripts<br/>
<a href="#Output-877612522" onClick='toggleBox("Output-877612522", this, "Show output", "Hide output");'>Show output</a>

<a href="#Output-877612522" onClick="toggleAllBoxes();">Show all outputs</a>
<div class='log' id="Output-877612522">
Saved <a href=C:\Users\home\workspace\GoldS\Reports\20160117\productmanagement_Smoke\screenshots\fail\testNavigateToEditRateSchedule_20160117_111034.png>Screenshot</a><br/>
</div>
</td>
<td><div><pre>java.lang.AssertionError: Unable to find Element on page: Proxy element for: org.openqa.selenium.support.pagefactory.DefaultElementLocator@1a20270e
	at com.znalytics.framework.utility.WaitUtils.waitForElement(WaitUtils.java:74)
	at com.znalytics.productmanagement.pages.SearchProductPage.getEditRateScheudleLink1(SearchProductPage.java:723)
	at com.znalytics.productmanagement.tests.SmokeTestScripts.testNavigateToEditRateSchedule(SmokeTestScripts.java:382)
	at com.znalytics.productmanagement.tests.ProductManagement.generateTestNGXML(ProductManagement.java:233)
	at com.znalytics.productmanagement.tests.ProductManagement.loadData(ProductManagement.java:64)
	at com.znalytics.framework.core.TestModules.executeModules(TestModules.java:63)
	at com.znalytics.framework.core.Start.parseClientsAndTests(Start.java:140)
	at com.znalytics.framework.core.Start.main(Start.java:59)
... Removed 22 stack frames</pre></div><a href='#' onClick='toggleBox("stack-trace877612522", this, "Click to show all stack frames", "Click to hide stack frames")'>Click to show all stack frames</a>
<div class='stack-trace' id='stack-trace877612522'><pre>java.lang.AssertionError: Unable to find Element on page: Proxy element for: org.openqa.selenium.support.pagefactory.DefaultElementLocator@1a20270e
	at org.testng.Assert.fail(Assert.java:94)
	at com.znalytics.framework.utility.WaitUtils.waitForElement(WaitUtils.java:74)
	at com.znalytics.productmanagement.pages.SearchProductPage.getEditRateScheudleLink1(SearchProductPage.java:723)
	at com.znalytics.productmanagement.tests.SmokeTestScripts.testNavigateToEditRateSchedule(SmokeTestScripts.java:382)
	at sun.reflect.NativeMethodAccessorImpl.invoke0(Native Method)
	at sun.reflect.NativeMethodAccessorImpl.invoke(NativeMethodAccessorImpl.java:62)
	at sun.reflect.DelegatingMethodAccessorImpl.invoke(DelegatingMethodAccessorImpl.java:43)
	at java.lang.reflect.Method.invoke(Method.java:483)
	at org.testng.internal.MethodInvocationHelper.invokeMethod(MethodInvocationHelper.java:84)
	at org.testng.internal.Invoker.invokeMethod(Invoker.java:714)
	at org.testng.internal.Invoker.invokeTestMethod(Invoker.java:901)
	at org.testng.internal.Invoker.invokeTestMethods(Invoker.java:1231)
	at org.testng.internal.TestMethodWorker.invokeTestMethods(TestMethodWorker.java:127)
	at org.testng.internal.TestMethodWorker.run(TestMethodWorker.java:111)
	at org.testng.TestRunner.privateRun(TestRunner.java:767)
	at org.testng.TestRunner.run(TestRunner.java:617)
	at org.testng.SuiteRunner.runTest(SuiteRunner.java:334)
	at org.testng.SuiteRunner.runSequentially(SuiteRunner.java:329)
	at org.testng.SuiteRunner.privateRun(SuiteRunner.java:291)
	at org.testng.SuiteRunner.run(SuiteRunner.java:240)
	at org.testng.SuiteRunnerWorker.runSuite(SuiteRunnerWorker.java:52)
	at org.testng.SuiteRunnerWorker.run(SuiteRunnerWorker.java:86)
	at org.testng.TestNG.runSuitesSequentially(TestNG.java:1224)
	at org.testng.TestNG.runSuitesLocally(TestNG.java:1149)
	at org.testng.TestNG.run(TestNG.java:1057)
	at com.znalytics.productmanagement.tests.ProductManagement.generateTestNGXML(ProductManagement.java:233)
	at com.znalytics.productmanagement.tests.ProductManagement.loadData(ProductManagement.java:64)
	at com.znalytics.framework.core.TestModules.executeModules(TestModules.java:63)
	at com.znalytics.framework.core.Start.parseClientsAndTests(Start.java:140)
	at com.znalytics.framework.core.Start.main(Start.java:59)
</pre></div></td>
<td>30</td>
<td>com.znalytics.productmanagement.tests.SmokeTestScripts@a38c7fe</td></tr>
<tr>
<td title='com.znalytics.productmanagement.tests.SmokeTestScripts.testNavigateToEditRateScheduleItems()'><b>testNavigateToEditRateScheduleItems</b><br>Test class: com.znalytics.productmanagement.tests.SmokeTestScripts<br/>
<a href="#Output-1327871893" onClick='toggleBox("Output-1327871893", this, "Show output", "Hide output");'>Show output</a>

<a href="#Output-1327871893" onClick="toggleAllBoxes();">Show all outputs</a>
<div class='log' id="Output-1327871893">
Saved <a href=C:\Users\home\workspace\GoldS\Reports\20160117\productmanagement_Smoke\screenshots\fail\testNavigateToEditRateScheduleItems_20160117_111107.png>Screenshot</a><br/>
</div>
</td>
<td><div><pre>java.lang.AssertionError: Unable to find Element on page: Proxy element for: org.openqa.selenium.support.pagefactory.DefaultElementLocator@1a20270e
	at com.znalytics.framework.utility.WaitUtils.waitForElement(WaitUtils.java:74)
	at com.znalytics.productmanagement.pages.SearchProductPage.getEditRateScheudleLink1(SearchProductPage.java:723)
	at com.znalytics.productmanagement.tests.SmokeTestScripts.testNavigateToEditRateScheduleItems(SmokeTestScripts.java:417)
	at com.znalytics.productmanagement.tests.ProductManagement.generateTestNGXML(ProductManagement.java:233)
	at com.znalytics.productmanagement.tests.ProductManagement.loadData(ProductManagement.java:64)
	at com.znalytics.framework.core.TestModules.executeModules(TestModules.java:63)
	at com.znalytics.framework.core.Start.parseClientsAndTests(Start.java:140)
	at com.znalytics.framework.core.Start.main(Start.java:59)
... Removed 22 stack frames</pre></div><a href='#' onClick='toggleBox("stack-trace1327871893", this, "Click to show all stack frames", "Click to hide stack frames")'>Click to show all stack frames</a>
<div class='stack-trace' id='stack-trace1327871893'><pre>java.lang.AssertionError: Unable to find Element on page: Proxy element for: org.openqa.selenium.support.pagefactory.DefaultElementLocator@1a20270e
	at org.testng.Assert.fail(Assert.java:94)
	at com.znalytics.framework.utility.WaitUtils.waitForElement(WaitUtils.java:74)
	at com.znalytics.productmanagement.pages.SearchProductPage.getEditRateScheudleLink1(SearchProductPage.java:723)
	at com.znalytics.productmanagement.tests.SmokeTestScripts.testNavigateToEditRateScheduleItems(SmokeTestScripts.java:417)
	at sun.reflect.NativeMethodAccessorImpl.invoke0(Native Method)
	at sun.reflect.NativeMethodAccessorImpl.invoke(NativeMethodAccessorImpl.java:62)
	at sun.reflect.DelegatingMethodAccessorImpl.invoke(DelegatingMethodAccessorImpl.java:43)
	at java.lang.reflect.Method.invoke(Method.java:483)
	at org.testng.internal.MethodInvocationHelper.invokeMethod(MethodInvocationHelper.java:84)
	at org.testng.internal.Invoker.invokeMethod(Invoker.java:714)
	at org.testng.internal.Invoker.invokeTestMethod(Invoker.java:901)
	at org.testng.internal.Invoker.invokeTestMethods(Invoker.java:1231)
	at org.testng.internal.TestMethodWorker.invokeTestMethods(TestMethodWorker.java:127)
	at org.testng.internal.TestMethodWorker.run(TestMethodWorker.java:111)
	at org.testng.TestRunner.privateRun(TestRunner.java:767)
	at org.testng.TestRunner.run(TestRunner.java:617)
	at org.testng.SuiteRunner.runTest(SuiteRunner.java:334)
	at org.testng.SuiteRunner.runSequentially(SuiteRunner.java:329)
	at org.testng.SuiteRunner.privateRun(SuiteRunner.java:291)
	at org.testng.SuiteRunner.run(SuiteRunner.java:240)
	at org.testng.SuiteRunnerWorker.runSuite(SuiteRunnerWorker.java:52)
	at org.testng.SuiteRunnerWorker.run(SuiteRunnerWorker.java:86)
	at org.testng.TestNG.runSuitesSequentially(TestNG.java:1224)
	at org.testng.TestNG.runSuitesLocally(TestNG.java:1149)
	at org.testng.TestNG.run(TestNG.java:1057)
	at com.znalytics.productmanagement.tests.ProductManagement.generateTestNGXML(ProductManagement.java:233)
	at com.znalytics.productmanagement.tests.ProductManagement.loadData(ProductManagement.java:64)
	at com.znalytics.framework.core.TestModules.executeModules(TestModules.java:63)
	at com.znalytics.framework.core.Start.parseClientsAndTests(Start.java:140)
	at com.znalytics.framework.core.Start.main(Start.java:59)
</pre></div></td>
<td>30</td>
<td>com.znalytics.productmanagement.tests.SmokeTestScripts@a38c7fe</td></tr>
<tr>
<td title='com.znalytics.productmanagement.tests.SmokeTestScripts.testNavigateToViewProductPage()'><b>testNavigateToViewProductPage</b><br>Test class: com.znalytics.productmanagement.tests.SmokeTestScripts<br/>
<a href="#Output-434437292" onClick='toggleBox("Output-434437292", this, "Show output", "Hide output");'>Show output</a>

<a href="#Output-434437292" onClick="toggleAllBoxes();">Show all outputs</a>
<div class='log' id="Output-434437292">
Saved <a href=C:\Users\home\workspace\GoldS\Reports\20160117\productmanagement_Smoke\screenshots\fail\testNavigateToViewProductPage_20160117_111002.png>Screenshot</a><br/>
</div>
</td>
<td><div><pre>java.lang.AssertionError: Unable to find Element on page: Proxy element for: org.openqa.selenium.support.pagefactory.DefaultElementLocator@1a20270e
	at com.znalytics.framework.utility.WaitUtils.waitForElement(WaitUtils.java:74)
	at com.znalytics.productmanagement.pages.SearchProductPage.getEditRateScheudleLink1(SearchProductPage.java:723)
	at com.znalytics.productmanagement.tests.SmokeTestScripts.testNavigateToViewProductPage(SmokeTestScripts.java:340)
	at com.znalytics.productmanagement.tests.ProductManagement.generateTestNGXML(ProductManagement.java:233)
	at com.znalytics.productmanagement.tests.ProductManagement.loadData(ProductManagement.java:64)
	at com.znalytics.framework.core.TestModules.executeModules(TestModules.java:63)
	at com.znalytics.framework.core.Start.parseClientsAndTests(Start.java:140)
	at com.znalytics.framework.core.Start.main(Start.java:59)
... Removed 22 stack frames</pre></div><a href='#' onClick='toggleBox("stack-trace434437292", this, "Click to show all stack frames", "Click to hide stack frames")'>Click to show all stack frames</a>
<div class='stack-trace' id='stack-trace434437292'><pre>java.lang.AssertionError: Unable to find Element on page: Proxy element for: org.openqa.selenium.support.pagefactory.DefaultElementLocator@1a20270e
	at org.testng.Assert.fail(Assert.java:94)
	at com.znalytics.framework.utility.WaitUtils.waitForElement(WaitUtils.java:74)
	at com.znalytics.productmanagement.pages.SearchProductPage.getEditRateScheudleLink1(SearchProductPage.java:723)
	at com.znalytics.productmanagement.tests.SmokeTestScripts.testNavigateToViewProductPage(SmokeTestScripts.java:340)
	at sun.reflect.NativeMethodAccessorImpl.invoke0(Native Method)
	at sun.reflect.NativeMethodAccessorImpl.invoke(NativeMethodAccessorImpl.java:62)
	at sun.reflect.DelegatingMethodAccessorImpl.invoke(DelegatingMethodAccessorImpl.java:43)
	at java.lang.reflect.Method.invoke(Method.java:483)
	at org.testng.internal.MethodInvocationHelper.invokeMethod(MethodInvocationHelper.java:84)
	at org.testng.internal.Invoker.invokeMethod(Invoker.java:714)
	at org.testng.internal.Invoker.invokeTestMethod(Invoker.java:901)
	at org.testng.internal.Invoker.invokeTestMethods(Invoker.java:1231)
	at org.testng.internal.TestMethodWorker.invokeTestMethods(TestMethodWorker.java:127)
	at org.testng.internal.TestMethodWorker.run(TestMethodWorker.java:111)
	at org.testng.TestRunner.privateRun(TestRunner.java:767)
	at org.testng.TestRunner.run(TestRunner.java:617)
	at org.testng.SuiteRunner.runTest(SuiteRunner.java:334)
	at org.testng.SuiteRunner.runSequentially(SuiteRunner.java:329)
	at org.testng.SuiteRunner.privateRun(SuiteRunner.java:291)
	at org.testng.SuiteRunner.run(SuiteRunner.java:240)
	at org.testng.SuiteRunnerWorker.runSuite(SuiteRunnerWorker.java:52)
	at org.testng.SuiteRunnerWorker.run(SuiteRunnerWorker.java:86)
	at org.testng.TestNG.runSuitesSequentially(TestNG.java:1224)
	at org.testng.TestNG.runSuitesLocally(TestNG.java:1149)
	at org.testng.TestNG.run(TestNG.java:1057)
	at com.znalytics.productmanagement.tests.ProductManagement.generateTestNGXML(ProductManagement.java:233)
	at com.znalytics.productmanagement.tests.ProductManagement.loadData(ProductManagement.java:64)
	at com.znalytics.framework.core.TestModules.executeModules(TestModules.java:63)
	at com.znalytics.framework.core.Start.parseClientsAndTests(Start.java:140)
	at com.znalytics.framework.core.Start.main(Start.java:59)
</pre></div></td>
<td>31</td>
<td>com.znalytics.productmanagement.tests.SmokeTestScripts@a38c7fe</td></tr>
</table><p>
<table width='100%' border='1' class='invocation-passed'>
<tr><td colspan='4' align='center'><b>PASSED TESTS</b></td></tr>
<tr><td><b>Test method</b></td>
<td width="30%"><b>Exception</b></td>
<td width="10%"><b>Time (seconds)</b></td>
<td><b>Instance</b></td>
</tr>
<tr>
<td title='com.znalytics.productmanagement.tests.SmokeTestScripts.testExportExcel()'><b>testExportExcel</b><br>Test class: com.znalytics.productmanagement.tests.SmokeTestScripts<br/>
<a href="#Output-110053477" onClick='toggleBox("Output-110053477", this, "Show output", "Hide output");'>Show output</a>

<a href="#Output-110053477" onClick="toggleAllBoxes();">Show all outputs</a>
<div class='log' id="Output-110053477">
ProductSearchLabel is not present: Fail.<br/>
ExportToExcel is not present: Fail.<br/>
</div>
</td>
<td></td>
<td>61</td>
<td>com.znalytics.productmanagement.tests.SmokeTestScripts@a38c7fe</td></tr>
<tr>
<td title='com.znalytics.common.tests.Login.testLogin()'><b>testLogin</b><br>Test class: com.znalytics.common.tests.Login<br>Parameters: http://qa.znergysuite.com, domainadmin@znalytics.com, Znalytics123<br/>
<a href="#Output-899543194" onClick='toggleBox("Output-899543194", this, "Show output", "Hide output");'>Show output</a>

<a href="#Output-899543194" onClick="toggleAllBoxes();">Show all outputs</a>
<div class='log' id="Output-899543194">
Saved <a href=C:\Users\home\workspace\GoldS\Reports\20160117\productmanagement_Smoke\screenshots\pass\testLogin_20160117_110118.png>Screenshot</a><br/>
</div>
</td>
<td></td>
<td>59</td>
<td>com.znalytics.common.tests.Login@38cee291</td></tr>
<tr>
<td title='com.znalytics.productmanagement.tests.SmokeTestScripts.testNavigateToSearchPage()'><b>testNavigateToSearchPage</b><br>Test class: com.znalytics.productmanagement.tests.SmokeTestScripts<br/>
<a href="#Output-196732636" onClick='toggleBox("Output-196732636", this, "Show output", "Hide output");'>Show output</a>

<a href="#Output-196732636" onClick="toggleAllBoxes();">Show all outputs</a>
<div class='log' id="Output-196732636">
SearchProductTextField is not present: Fail.<br/>
SearchProductCode is not present: Fail.<br/>
CloseButton is not present: Fail.<br/>
</div>
</td>
<td></td>
<td>93</td>
<td>com.znalytics.productmanagement.tests.SmokeTestScripts@a38c7fe</td></tr>
<tr>
<td title='com.znalytics.productmanagement.tests.SmokeTestScripts.testNavigateToViewRateSchedule()'><b>testNavigateToViewRateSchedule</b><br>Test class: com.znalytics.productmanagement.tests.SmokeTestScripts<br/>
<a href="#Output-851912430" onClick='toggleBox("Output-851912430", this, "Show output", "Hide output");'>Show output</a>

<a href="#Output-851912430" onClick="toggleAllBoxes();">Show all outputs</a>
<div class='log' id="Output-851912430">
Not able to navigate to search record.<br/>
</div>
</td>
<td></td>
<td>126</td>
<td>com.znalytics.productmanagement.tests.SmokeTestScripts@a38c7fe</td></tr>
</table><p>
</body>
</html>