<?xml version="1.0" encoding="UTF-8"?>
<!-- Generated by org.testng.reporters.JUnitXMLReporter -->
<testsuite hostname="home-PC" name="Znalytics Execution Report - productmanagement smoke Smoke test scripts" tests="9" failures="5" timestamp="17 Jan 2016 05:41:07 GMT" time="648.377" errors="0">
  <testcase name="testLogin" time="59.999" classname="com.znalytics.common.tests.Login"/>
  <testcase name="testLogout" time="31.769" classname="com.znalytics.common.tests.Logout">
    <failure type="java.lang.AssertionError" message="Unable to logout from application.">
      <![CDATA[java.lang.AssertionError: Unable to logout from application.
	at com.znalytics.common.tests.Logout.testLogout(Logout.java:31)
	at com.znalytics.productmanagement.tests.ProductManagement.generateTestNGXML(ProductManagement.java:233)
	at com.znalytics.productmanagement.tests.ProductManagement.loadData(ProductManagement.java:64)
	at com.znalytics.framework.core.TestModules.executeModules(TestModules.java:63)
	at com.znalytics.framework.core.Start.parseClientsAndTests(Start.java:140)
	at com.znalytics.framework.core.Start.main(Start.java:59)
... Removed 22 stack frames]]>
    </failure>
  </testcase> <!-- testLogout -->
  <testcase name="testAddProduct" time="173.767" classname="com.znalytics.productmanagement.tests.SmokeTestScripts">
    <failure type="org.openqa.selenium.NoSuchElementException" message="Unable to locate element: {&amp;quot;method&amp;quot;:&amp;quot;xpath&amp;quot;,&amp;quot;selector&amp;quot;:&amp;quot;//button[contains(text(),&amp;apos;Submit&amp;apos;)]&amp;quot;}
Command duration or timeout: 30.23 seconds
For documentation on this error, please visit: http://seleniumhq.org/exceptions/no_such_element.html
Build info: version: &amp;apos;2.45.0&amp;apos;, revision: &amp;apos;5017cb8&amp;apos;, time: &amp;apos;2015-02-26 23:59:50&amp;apos;
System info: host: &amp;apos;home-PC&amp;apos;, ip: &amp;apos;10.112.57.32&amp;apos;, os.name: &amp;apos;Windows 7&amp;apos;, os.arch: &amp;apos;amd64&amp;apos;, os.version: &amp;apos;6.1&amp;apos;, java.version: &amp;apos;1.8.0_05&amp;apos;
Driver info: org.openqa.selenium.firefox.FirefoxDriver
Capabilities [{applicationCacheEnabled=true, rotatable=false, handlesAlerts=true, databaseEnabled=true, version=31.0, platform=WINDOWS, nativeEvents=true, acceptSslCerts=true, webStorageEnabled=true, locationContextEnabled=true, browserName=firefox, takesScreenshot=true, javascriptEnabled=true, cssSelectorsEnabled=true}]
Session ID: 8fc41dfb-c4b4-4a02-8bbc-5cf8efea4269
*** Element info: {Using=xpath, value=//button[contains(text(),&amp;apos;Submit&amp;apos;)]}">
      <![CDATA[org.openqa.selenium.NoSuchElementException: Unable to locate element: {"method":"xpath","selector":"//button[contains(text(),'Submit')]"}
Command duration or timeout: 30.23 seconds
For documentation on this error, please visit: http://seleniumhq.org/exceptions/no_such_element.html
Build info: version: '2.45.0', revision: '5017cb8', time: '2015-02-26 23:59:50'
System info: host: 'home-PC', ip: '10.112.57.32', os.name: 'Windows 7', os.arch: 'amd64', os.version: '6.1', java.version: '1.8.0_05'
Driver info: org.openqa.selenium.firefox.FirefoxDriver
Capabilities [{applicationCacheEnabled=true, rotatable=false, handlesAlerts=true, databaseEnabled=true, version=31.0, platform=WINDOWS, nativeEvents=true, acceptSslCerts=true, webStorageEnabled=true, locationContextEnabled=true, browserName=firefox, takesScreenshot=true, javascriptEnabled=true, cssSelectorsEnabled=true}]
Session ID: 8fc41dfb-c4b4-4a02-8bbc-5cf8efea4269
*** Element info: {Using=xpath, value=//button[contains(text(),'Submit')]}
	at org.openqa.selenium.remote.ErrorHandler.createThrowable(ErrorHandler.java:204)
	at org.openqa.selenium.remote.ErrorHandler.throwIfResponseFailed(ErrorHandler.java:156)
	at org.openqa.selenium.remote.RemoteWebDriver.execute(RemoteWebDriver.java:599)
	at org.openqa.selenium.remote.RemoteWebDriver.findElement(RemoteWebDriver.java:352)
	at org.openqa.selenium.remote.RemoteWebDriver.findElementByXPath(RemoteWebDriver.java:449)
	at org.openqa.selenium.By$ByXPath.findElement(By.java:357)
	at org.openqa.selenium.remote.RemoteWebDriver.findElement(RemoteWebDriver.java:344)
	at org.openqa.selenium.support.pagefactory.DefaultElementLocator.findElement(DefaultElementLocator.java:59)
	at org.openqa.selenium.support.pagefactory.internal.LocatingElementHandler.invoke(LocatingElementHandler.java:37)
	at com.sun.proxy.$Proxy6.getWrappedElement(Unknown Source)
	at org.openqa.selenium.remote.internal.WebElementToJsonConverter.apply(WebElementToJsonConverter.java:48)
	at com.google.common.collect.Iterators$8.transform(Iterators.java:799)
	at com.google.common.collect.TransformedIterator.next(TransformedIterator.java:48)
	at com.google.common.collect.Iterators.addAll(Iterators.java:362)
	at com.google.common.collect.Lists.newArrayList(Lists.java:160)
	at com.google.common.collect.Lists.newArrayList(Lists.java:144)
	at org.openqa.selenium.remote.RemoteWebDriver.executeScript(RemoteWebDriver.java:506)
	at com.znalytics.framework.utility.Element.highlightElement(Element.java:205)
	at com.znalytics.productmanagement.tests.SmokeTestScripts.testAddProduct(SmokeTestScripts.java:218)
	at com.znalytics.productmanagement.tests.ProductManagement.generateTestNGXML(ProductManagement.java:233)
	at com.znalytics.productmanagement.tests.ProductManagement.loadData(ProductManagement.java:64)
	at com.znalytics.framework.core.TestModules.executeModules(TestModules.java:63)
	at com.znalytics.framework.core.Start.parseClientsAndTests(Start.java:140)
	at com.znalytics.framework.core.Start.main(Start.java:59)
Caused by: org.openqa.selenium.NoSuchElementException: Unable to locate element: {"method":"xpath","selector":"//button[contains(text(),'Submit')]"}
For documentation on this error, please visit: http://seleniumhq.org/exceptions/no_such_element.html
Build info: version: '2.45.0', revision: '5017cb8', time: '2015-02-26 23:59:50'
System info: host: 'home-PC', ip: '10.112.57.32', os.name: 'Windows 7', os.arch: 'amd64', os.version: '6.1', java.version: '1.8.0_05'
Driver info: driver.version: unknown
	at <anonymous class>.FirefoxDriver.prototype.findElementInternal_(file:///C:/Users/home/AppData/Local/Temp/anonymous888203349997052973webdriver-profile/extensions/fxdriver@googlecode.com/components/driver-component.js:10271)
	at <anonymous class>.fxdriver.Timer.prototype.setTimeout/<.notify(file:///C:/Users/home/AppData/Local/Temp/anonymous888203349997052973webdriver-profile/extensions/fxdriver@googlecode.com/components/driver-component.js:603)
... Removed 24 stack frames]]>
    </failure>
  </testcase> <!-- testAddProduct -->
  <testcase name="testNavigateToSearchPage" time="93.749" classname="com.znalytics.productmanagement.tests.SmokeTestScripts"/>
  <testcase name="testExportExcel" time="61.949" classname="com.znalytics.productmanagement.tests.SmokeTestScripts"/>
  <testcase name="testNavigateToViewRateSchedule" time="126.434" classname="com.znalytics.productmanagement.tests.SmokeTestScripts"/>
  <testcase name="testNavigateToViewProductPage" time="31.33" classname="com.znalytics.productmanagement.tests.SmokeTestScripts">
    <failure type="java.lang.AssertionError" message="Unable to find Element on page: Proxy element for: org.openqa.selenium.support.pagefactory.DefaultElementLocator@1a20270e">
      <![CDATA[java.lang.AssertionError: Unable to find Element on page: Proxy element for: org.openqa.selenium.support.pagefactory.DefaultElementLocator@1a20270e
	at com.znalytics.framework.utility.WaitUtils.waitForElement(WaitUtils.java:74)
	at com.znalytics.productmanagement.pages.SearchProductPage.getEditRateScheudleLink1(SearchProductPage.java:723)
	at com.znalytics.productmanagement.tests.SmokeTestScripts.testNavigateToViewProductPage(SmokeTestScripts.java:340)
	at com.znalytics.productmanagement.tests.ProductManagement.generateTestNGXML(ProductManagement.java:233)
	at com.znalytics.productmanagement.tests.ProductManagement.loadData(ProductManagement.java:64)
	at com.znalytics.framework.core.TestModules.executeModules(TestModules.java:63)
	at com.znalytics.framework.core.Start.parseClientsAndTests(Start.java:140)
	at com.znalytics.framework.core.Start.main(Start.java:59)
... Removed 22 stack frames]]>
    </failure>
  </testcase> <!-- testNavigateToViewProductPage -->
  <testcase name="testNavigateToEditRateSchedule" time="30.878" classname="com.znalytics.productmanagement.tests.SmokeTestScripts">
    <failure type="java.lang.AssertionError" message="Unable to find Element on page: Proxy element for: org.openqa.selenium.support.pagefactory.DefaultElementLocator@1a20270e">
      <![CDATA[java.lang.AssertionError: Unable to find Element on page: Proxy element for: org.openqa.selenium.support.pagefactory.DefaultElementLocator@1a20270e
	at com.znalytics.framework.utility.WaitUtils.waitForElement(WaitUtils.java:74)
	at com.znalytics.productmanagement.pages.SearchProductPage.getEditRateScheudleLink1(SearchProductPage.java:723)
	at com.znalytics.productmanagement.tests.SmokeTestScripts.testNavigateToEditRateSchedule(SmokeTestScripts.java:382)
	at com.znalytics.productmanagement.tests.ProductManagement.generateTestNGXML(ProductManagement.java:233)
	at com.znalytics.productmanagement.tests.ProductManagement.loadData(ProductManagement.java:64)
	at com.znalytics.framework.core.TestModules.executeModules(TestModules.java:63)
	at com.znalytics.framework.core.Start.parseClientsAndTests(Start.java:140)
	at com.znalytics.framework.core.Start.main(Start.java:59)
... Removed 22 stack frames]]>
    </failure>
  </testcase> <!-- testNavigateToEditRateSchedule -->
  <testcase name="testNavigateToEditRateScheduleItems" time="30.844" classname="com.znalytics.productmanagement.tests.SmokeTestScripts">
    <failure type="java.lang.AssertionError" message="Unable to find Element on page: Proxy element for: org.openqa.selenium.support.pagefactory.DefaultElementLocator@1a20270e">
      <![CDATA[java.lang.AssertionError: Unable to find Element on page: Proxy element for: org.openqa.selenium.support.pagefactory.DefaultElementLocator@1a20270e
	at com.znalytics.framework.utility.WaitUtils.waitForElement(WaitUtils.java:74)
	at com.znalytics.productmanagement.pages.SearchProductPage.getEditRateScheudleLink1(SearchProductPage.java:723)
	at com.znalytics.productmanagement.tests.SmokeTestScripts.testNavigateToEditRateScheduleItems(SmokeTestScripts.java:417)
	at com.znalytics.productmanagement.tests.ProductManagement.generateTestNGXML(ProductManagement.java:233)
	at com.znalytics.productmanagement.tests.ProductManagement.loadData(ProductManagement.java:64)
	at com.znalytics.framework.core.TestModules.executeModules(TestModules.java:63)
	at com.znalytics.framework.core.Start.parseClientsAndTests(Start.java:140)
	at com.znalytics.framework.core.Start.main(Start.java:59)
... Removed 22 stack frames]]>
    </failure>
  </testcase> <!-- testNavigateToEditRateScheduleItems -->
</testsuite> <!-- Znalytics Execution Report - productmanagement smoke Smoke test scripts -->
