<html>
<head>
<title>TestNG:  Znalytics Execution Report - quotemanagement smoke Search Quote Test</title>
<link href="../testng.css" rel="stylesheet" type="text/css" />
<link href="../my-testng.css" rel="stylesheet" type="text/css" />

<style type="text/css">
.log { display: none;} 
.stack-trace { display: none;} 
</style>
<script type="text/javascript">
<!--
function flip(e) {
  current = e.style.display;
  if (current == 'block') {
    e.style.display = 'none';
    return 0;
  }
  else {
    e.style.display = 'block';
    return 1;
  }
}

function toggleBox(szDivId, elem, msg1, msg2)
{
  var res = -1;  if (document.getElementById) {
    res = flip(document.getElementById(szDivId));
  }
  else if (document.all) {
    // this is the way old msie versions work
    res = flip(document.all[szDivId]);
  }
  if(elem) {
    if(res == 0) elem.innerHTML = msg1; else elem.innerHTML = msg2;
  }

}

function toggleAllBoxes() {
  if (document.getElementsByTagName) {
    d = document.getElementsByTagName('div');
    for (i = 0; i < d.length; i++) {
      if (d[i].className == 'log') {
        flip(d[i]);
      }
    }
  }
}

// -->
</script>

</head>
<body>
<h2 align='center'>Znalytics Execution Report - quotemanagement smoke Search Quote Test</h2><table border='1' align="center">
<tr>
<td>Tests passed/Failed/Skipped:</td><td>1/3/1</td>
</tr><tr>
<td>Started on:</td><td>Sun Nov 22 09:18:23 IST 2015</td>
</tr>
<tr><td>Total time:</td><td>167 seconds (167618 ms)</td>
</tr><tr>
<td>Included groups:</td><td>napower logout login </td>
</tr><tr>
<td>Excluded groups:</td><td></td>
</tr>
</table><p/>
<small><i>(Hover the method name to see the test class name)</i></small><p/>
<table width='100%' border='1' class='invocation-failed'>
<tr><td colspan='4' align='center'><b>FAILED TESTS</b></td></tr>
<tr><td><b>Test method</b></td>
<td width="30%"><b>Exception</b></td>
<td width="10%"><b>Time (seconds)</b></td>
<td><b>Instance</b></td>
</tr>
<tr>
<td title='com.znalytics.quotemanagement.tests.SmokeSearchQuote.testExportExcel()'><b>testExportExcel</b><br>Test class: com.znalytics.quotemanagement.tests.SmokeSearchQuote<br/>
<a href="#Output-1552999801" onClick='toggleBox("Output-1552999801", this, "Show output", "Hide output");'>Show output</a>

<a href="#Output-1552999801" onClick="toggleAllBoxes();">Show all outputs</a>
<div class='log' id="Output-1552999801">
Saved <a href=C:\Users\home\workspace\GoldS\Reports\20151122\quotemanagement_Smoke\screenshots\fail\testExportExcel_20151122_092039.png>Screenshot</a><br/>
</div>
</td>
<td><div><pre>org.openqa.selenium.NoSuchElementException: no such element
  (Session info: chrome=46.0.2490.86)
  (Driver info: chromedriver=2.15.322448 (52179c1b310fec1797c81ea9a20326839860b7d3),platform=Windows NT 6.1 x86_64) (WARNING: The server did not provide any stacktrace information)
Command duration or timeout: 30.05 seconds
For documentation on this error, please visit: http://seleniumhq.org/exceptions/no_such_element.html
Build info: version: &apos;2.45.0&apos;, revision: &apos;5017cb8&apos;, time: &apos;2015-02-26 23:59:50&apos;
System info: host: &apos;home-PC&apos;, ip: &apos;30.30.119.78&apos;, os.name: &apos;Windows 7&apos;, os.arch: &apos;amd64&apos;, os.version: &apos;6.1&apos;, java.version: &apos;1.8.0_05&apos;
Driver info: org.openqa.selenium.chrome.ChromeDriver
Capabilities [{applicationCacheEnabled=false, rotatable=false, mobileEmulationEnabled=false, chrome={userDataDir=C:\Users\home\AppData\Local\Temp\scoped_dir4896_16643}, takesHeapSnapshot=true, databaseEnabled=false, handlesAlerts=true, version=46.0.2490.86, platform=XP, browserConnectionEnabled=false, nativeEvents=true, acceptSslCerts=true, locationContextEnabled=true, webStorageEnabled=true, browserName=chrome, takesScreenshot=true, javascriptEnabled=true, cssSelectorsEnabled=true}]
Session ID: a224e1976cb0d45c676699e999be446c
*** Element info: {Using=xpath, value=//a[contains(text(),&apos;Export to Excel&apos;) and contains(@class,&apos;k-grid-excel&apos;)]}
	at org.openqa.selenium.remote.ErrorHandler.createThrowable(ErrorHandler.java:204)
	at org.openqa.selenium.remote.ErrorHandler.throwIfResponseFailed(ErrorHandler.java:156)
	at org.openqa.selenium.remote.RemoteWebDriver.execute(RemoteWebDriver.java:599)
	at org.openqa.selenium.remote.RemoteWebDriver.findElement(RemoteWebDriver.java:352)
	at org.openqa.selenium.remote.RemoteWebDriver.findElementByXPath(RemoteWebDriver.java:449)
	at org.openqa.selenium.By$ByXPath.findElement(By.java:357)
	at org.openqa.selenium.remote.RemoteWebDriver.findElement(RemoteWebDriver.java:344)
	at org.openqa.selenium.support.pagefactory.DefaultElementLocator.findElement(DefaultElementLocator.java:59)
	at org.openqa.selenium.support.pagefactory.internal.LocatingElementHandler.invoke(LocatingElementHandler.java:37)
	at com.sun.proxy.$Proxy6.getWrappedElement(Unknown Source)
	at org.openqa.selenium.remote.internal.WebElementToJsonConverter.apply(WebElementToJsonConverter.java:48)
	at com.google.common.collect.Iterators$8.transform(Iterators.java:799)
	at com.google.common.collect.TransformedIterator.next(TransformedIterator.java:48)
	at com.google.common.collect.Iterators.addAll(Iterators.java:362)
	at com.google.common.collect.Lists.newArrayList(Lists.java:160)
	at com.google.common.collect.Lists.newArrayList(Lists.java:144)
	at org.openqa.selenium.remote.RemoteWebDriver.executeScript(RemoteWebDriver.java:506)
	at com.znalytics.framework.utility.Element.highlightElement(Element.java:205)
	at com.znalytics.quotemanagement.tests.SmokeSearchQuote.testExportExcel(SmokeSearchQuote.java:78)
	at com.znalytics.quotemanagement.tests.QuoteManagement.generateTestNGXML(QuoteManagement.java:220)
	at com.znalytics.quotemanagement.tests.QuoteManagement.loadData(QuoteManagement.java:62)
	at com.znalytics.framework.core.TestModules.executeModules(TestModules.java:88)
	at com.znalytics.framework.core.Start.parseClientsAndTests(Start.java:140)
	at com.znalytics.framework.core.Start.main(Start.java:59)
... Removed 24 stack frames</pre></div><a href='#' onClick='toggleBox("stack-trace1552999801", this, "Click to show all stack frames", "Click to hide stack frames")'>Click to show all stack frames</a>
<div class='stack-trace' id='stack-trace1552999801'><pre>org.openqa.selenium.NoSuchElementException: no such element
  (Session info: chrome=46.0.2490.86)
  (Driver info: chromedriver=2.15.322448 (52179c1b310fec1797c81ea9a20326839860b7d3),platform=Windows NT 6.1 x86_64) (WARNING: The server did not provide any stacktrace information)
Command duration or timeout: 30.05 seconds
For documentation on this error, please visit: http://seleniumhq.org/exceptions/no_such_element.html
Build info: version: &apos;2.45.0&apos;, revision: &apos;5017cb8&apos;, time: &apos;2015-02-26 23:59:50&apos;
System info: host: &apos;home-PC&apos;, ip: &apos;30.30.119.78&apos;, os.name: &apos;Windows 7&apos;, os.arch: &apos;amd64&apos;, os.version: &apos;6.1&apos;, java.version: &apos;1.8.0_05&apos;
Driver info: org.openqa.selenium.chrome.ChromeDriver
Capabilities [{applicationCacheEnabled=false, rotatable=false, mobileEmulationEnabled=false, chrome={userDataDir=C:\Users\home\AppData\Local\Temp\scoped_dir4896_16643}, takesHeapSnapshot=true, databaseEnabled=false, handlesAlerts=true, version=46.0.2490.86, platform=XP, browserConnectionEnabled=false, nativeEvents=true, acceptSslCerts=true, locationContextEnabled=true, webStorageEnabled=true, browserName=chrome, takesScreenshot=true, javascriptEnabled=true, cssSelectorsEnabled=true}]
Session ID: a224e1976cb0d45c676699e999be446c
*** Element info: {Using=xpath, value=//a[contains(text(),&apos;Export to Excel&apos;) and contains(@class,&apos;k-grid-excel&apos;)]}
	at sun.reflect.GeneratedConstructorAccessor12.newInstance(Unknown Source)
	at sun.reflect.DelegatingConstructorAccessorImpl.newInstance(DelegatingConstructorAccessorImpl.java:45)
	at java.lang.reflect.Constructor.newInstance(Constructor.java:408)
	at org.openqa.selenium.remote.ErrorHandler.createThrowable(ErrorHandler.java:204)
	at org.openqa.selenium.remote.ErrorHandler.throwIfResponseFailed(ErrorHandler.java:156)
	at org.openqa.selenium.remote.RemoteWebDriver.execute(RemoteWebDriver.java:599)
	at org.openqa.selenium.remote.RemoteWebDriver.findElement(RemoteWebDriver.java:352)
	at org.openqa.selenium.remote.RemoteWebDriver.findElementByXPath(RemoteWebDriver.java:449)
	at org.openqa.selenium.By$ByXPath.findElement(By.java:357)
	at org.openqa.selenium.remote.RemoteWebDriver.findElement(RemoteWebDriver.java:344)
	at org.openqa.selenium.support.pagefactory.DefaultElementLocator.findElement(DefaultElementLocator.java:59)
	at org.openqa.selenium.support.pagefactory.internal.LocatingElementHandler.invoke(LocatingElementHandler.java:37)
	at com.sun.proxy.$Proxy6.getWrappedElement(Unknown Source)
	at org.openqa.selenium.remote.internal.WebElementToJsonConverter.apply(WebElementToJsonConverter.java:48)
	at com.google.common.collect.Iterators$8.transform(Iterators.java:799)
	at com.google.common.collect.TransformedIterator.next(TransformedIterator.java:48)
	at com.google.common.collect.Iterators.addAll(Iterators.java:362)
	at com.google.common.collect.Lists.newArrayList(Lists.java:160)
	at com.google.common.collect.Lists.newArrayList(Lists.java:144)
	at org.openqa.selenium.remote.RemoteWebDriver.executeScript(RemoteWebDriver.java:506)
	at com.znalytics.framework.utility.Element.highlightElement(Element.java:205)
	at com.znalytics.quotemanagement.tests.SmokeSearchQuote.testExportExcel(SmokeSearchQuote.java:78)
	at sun.reflect.NativeMethodAccessorImpl.invoke0(Native Method)
	at sun.reflect.NativeMethodAccessorImpl.invoke(NativeMethodAccessorImpl.java:62)
	at sun.reflect.DelegatingMethodAccessorImpl.invoke(DelegatingMethodAccessorImpl.java:43)
	at java.lang.reflect.Method.invoke(Method.java:483)
	at org.testng.internal.MethodInvocationHelper.invokeMethod(MethodInvocationHelper.java:84)
	at org.testng.internal.Invoker.invokeMethod(Invoker.java:714)
	at org.testng.internal.Invoker.invokeTestMethod(Invoker.java:901)
	at org.testng.internal.Invoker.invokeTestMethods(Invoker.java:1231)
	at org.testng.internal.TestMethodWorker.invokeTestMethods(TestMethodWorker.java:127)
	at org.testng.internal.TestMethodWorker.run(TestMethodWorker.java:111)
	at org.testng.TestRunner.privateRun(TestRunner.java:767)
	at org.testng.TestRunner.run(TestRunner.java:617)
	at org.testng.SuiteRunner.runTest(SuiteRunner.java:334)
	at org.testng.SuiteRunner.runSequentially(SuiteRunner.java:329)
	at org.testng.SuiteRunner.privateRun(SuiteRunner.java:291)
	at org.testng.SuiteRunner.run(SuiteRunner.java:240)
	at org.testng.SuiteRunnerWorker.runSuite(SuiteRunnerWorker.java:52)
	at org.testng.SuiteRunnerWorker.run(SuiteRunnerWorker.java:86)
	at org.testng.TestNG.runSuitesSequentially(TestNG.java:1224)
	at org.testng.TestNG.runSuitesLocally(TestNG.java:1149)
	at org.testng.TestNG.run(TestNG.java:1057)
	at com.znalytics.quotemanagement.tests.QuoteManagement.generateTestNGXML(QuoteManagement.java:220)
	at com.znalytics.quotemanagement.tests.QuoteManagement.loadData(QuoteManagement.java:62)
	at com.znalytics.framework.core.TestModules.executeModules(TestModules.java:88)
	at com.znalytics.framework.core.Start.parseClientsAndTests(Start.java:140)
	at com.znalytics.framework.core.Start.main(Start.java:59)
</pre></div></td>
<td>30</td>
<td>com.znalytics.quotemanagement.tests.SmokeSearchQuote@694abbdc</td></tr>
<tr>
<td title='com.znalytics.quotemanagement.tests.SmokeSearchQuote.testNavigateQouteRequestPage()'><b>testNavigateQouteRequestPage</b><br>Test class: com.znalytics.quotemanagement.tests.SmokeSearchQuote<br/>
<a href="#Output-940584193" onClick='toggleBox("Output-940584193", this, "Show output", "Hide output");'>Show output</a>

<a href="#Output-940584193" onClick="toggleAllBoxes();">Show all outputs</a>
<div class='log' id="Output-940584193">
Saved <a href=C:\Users\home\workspace\GoldS\Reports\20151122\quotemanagement_Smoke\screenshots\fail\testNavigateQouteRequestPage_20151122_092008.png>Screenshot</a><br/>
</div>
</td>
<td><div><pre>java.lang.AssertionError: Not able to navigate to qoute request page.
	at com.znalytics.quotemanagement.tests.SmokeSearchQuote.testNavigateQouteRequestPage(SmokeSearchQuote.java:68)
	at com.znalytics.quotemanagement.tests.QuoteManagement.generateTestNGXML(QuoteManagement.java:220)
	at com.znalytics.quotemanagement.tests.QuoteManagement.loadData(QuoteManagement.java:62)
	at com.znalytics.framework.core.TestModules.executeModules(TestModules.java:88)
	at com.znalytics.framework.core.Start.parseClientsAndTests(Start.java:140)
	at com.znalytics.framework.core.Start.main(Start.java:59)
... Removed 22 stack frames</pre></div><a href='#' onClick='toggleBox("stack-trace940584193", this, "Click to show all stack frames", "Click to hide stack frames")'>Click to show all stack frames</a>
<div class='stack-trace' id='stack-trace940584193'><pre>java.lang.AssertionError: Not able to navigate to qoute request page.
	at org.testng.Assert.fail(Assert.java:94)
	at com.znalytics.quotemanagement.tests.SmokeSearchQuote.testNavigateQouteRequestPage(SmokeSearchQuote.java:68)
	at sun.reflect.NativeMethodAccessorImpl.invoke0(Native Method)
	at sun.reflect.NativeMethodAccessorImpl.invoke(NativeMethodAccessorImpl.java:62)
	at sun.reflect.DelegatingMethodAccessorImpl.invoke(DelegatingMethodAccessorImpl.java:43)
	at java.lang.reflect.Method.invoke(Method.java:483)
	at org.testng.internal.MethodInvocationHelper.invokeMethod(MethodInvocationHelper.java:84)
	at org.testng.internal.Invoker.invokeMethod(Invoker.java:714)
	at org.testng.internal.Invoker.invokeTestMethod(Invoker.java:901)
	at org.testng.internal.Invoker.invokeTestMethods(Invoker.java:1231)
	at org.testng.internal.TestMethodWorker.invokeTestMethods(TestMethodWorker.java:127)
	at org.testng.internal.TestMethodWorker.run(TestMethodWorker.java:111)
	at org.testng.TestRunner.privateRun(TestRunner.java:767)
	at org.testng.TestRunner.run(TestRunner.java:617)
	at org.testng.SuiteRunner.runTest(SuiteRunner.java:334)
	at org.testng.SuiteRunner.runSequentially(SuiteRunner.java:329)
	at org.testng.SuiteRunner.privateRun(SuiteRunner.java:291)
	at org.testng.SuiteRunner.run(SuiteRunner.java:240)
	at org.testng.SuiteRunnerWorker.runSuite(SuiteRunnerWorker.java:52)
	at org.testng.SuiteRunnerWorker.run(SuiteRunnerWorker.java:86)
	at org.testng.TestNG.runSuitesSequentially(TestNG.java:1224)
	at org.testng.TestNG.runSuitesLocally(TestNG.java:1149)
	at org.testng.TestNG.run(TestNG.java:1057)
	at com.znalytics.quotemanagement.tests.QuoteManagement.generateTestNGXML(QuoteManagement.java:220)
	at com.znalytics.quotemanagement.tests.QuoteManagement.loadData(QuoteManagement.java:62)
	at com.znalytics.framework.core.TestModules.executeModules(TestModules.java:88)
	at com.znalytics.framework.core.Start.parseClientsAndTests(Start.java:140)
	at com.znalytics.framework.core.Start.main(Start.java:59)
</pre></div></td>
<td>60</td>
<td>com.znalytics.quotemanagement.tests.SmokeSearchQuote@694abbdc</td></tr>
<tr>
<td title='com.znalytics.quotemanagement.tests.SmokeSearchQuote.testQuoteCode()'><b>testQuoteCode</b><br>Test class: com.znalytics.quotemanagement.tests.SmokeSearchQuote<br/>
<a href="#Output-689654773" onClick='toggleBox("Output-689654773", this, "Show output", "Hide output");'>Show output</a>

<a href="#Output-689654773" onClick="toggleAllBoxes();">Show all outputs</a>
<div class='log' id="Output-689654773">
Saved <a href=C:\Users\home\workspace\GoldS\Reports\20151122\quotemanagement_Smoke\screenshots\fail\testQuoteCode_20151122_092110.png>Screenshot</a><br/>
</div>
</td>
<td><div><pre>org.openqa.selenium.NoSuchElementException: no such element
  (Session info: chrome=46.0.2490.86)
  (Driver info: chromedriver=2.15.322448 (52179c1b310fec1797c81ea9a20326839860b7d3),platform=Windows NT 6.1 x86_64) (WARNING: The server did not provide any stacktrace information)
Command duration or timeout: 30.02 seconds
For documentation on this error, please visit: http://seleniumhq.org/exceptions/no_such_element.html
Build info: version: &apos;2.45.0&apos;, revision: &apos;5017cb8&apos;, time: &apos;2015-02-26 23:59:50&apos;
System info: host: &apos;home-PC&apos;, ip: &apos;30.30.119.78&apos;, os.name: &apos;Windows 7&apos;, os.arch: &apos;amd64&apos;, os.version: &apos;6.1&apos;, java.version: &apos;1.8.0_05&apos;
Driver info: org.openqa.selenium.chrome.ChromeDriver
Capabilities [{applicationCacheEnabled=false, rotatable=false, mobileEmulationEnabled=false, chrome={userDataDir=C:\Users\home\AppData\Local\Temp\scoped_dir4896_16643}, takesHeapSnapshot=true, databaseEnabled=false, handlesAlerts=true, version=46.0.2490.86, platform=XP, browserConnectionEnabled=false, nativeEvents=true, acceptSslCerts=true, locationContextEnabled=true, webStorageEnabled=true, browserName=chrome, takesScreenshot=true, javascriptEnabled=true, cssSelectorsEnabled=true}]
Session ID: a224e1976cb0d45c676699e999be446c
*** Element info: {Using=xpath, value=//h4[contains(@class,&apos;no-margin&apos;)]}
	at org.openqa.selenium.remote.ErrorHandler.createThrowable(ErrorHandler.java:204)
	at org.openqa.selenium.remote.ErrorHandler.throwIfResponseFailed(ErrorHandler.java:156)
	at org.openqa.selenium.remote.RemoteWebDriver.execute(RemoteWebDriver.java:599)
	at org.openqa.selenium.remote.RemoteWebDriver.findElement(RemoteWebDriver.java:352)
	at org.openqa.selenium.remote.RemoteWebDriver.findElementByXPath(RemoteWebDriver.java:449)
	at org.openqa.selenium.By$ByXPath.findElement(By.java:357)
	at org.openqa.selenium.remote.RemoteWebDriver.findElement(RemoteWebDriver.java:344)
	at org.openqa.selenium.support.pagefactory.DefaultElementLocator.findElement(DefaultElementLocator.java:59)
	at org.openqa.selenium.support.pagefactory.internal.LocatingElementHandler.invoke(LocatingElementHandler.java:37)
	at com.sun.proxy.$Proxy6.getWrappedElement(Unknown Source)
	at org.openqa.selenium.remote.internal.WebElementToJsonConverter.apply(WebElementToJsonConverter.java:48)
	at com.google.common.collect.Iterators$8.transform(Iterators.java:799)
	at com.google.common.collect.TransformedIterator.next(TransformedIterator.java:48)
	at com.google.common.collect.Iterators.addAll(Iterators.java:362)
	at com.google.common.collect.Lists.newArrayList(Lists.java:160)
	at com.google.common.collect.Lists.newArrayList(Lists.java:144)
	at org.openqa.selenium.remote.RemoteWebDriver.executeScript(RemoteWebDriver.java:506)
	at com.znalytics.framework.utility.Element.highlightElement(Element.java:205)
	at com.znalytics.framework.utility.Element.scrollElementIntoView(Element.java:508)
	at com.znalytics.quotemanagement.tests.SmokeSearchQuote.testQuoteCode(SmokeSearchQuote.java:111)
	at com.znalytics.quotemanagement.tests.QuoteManagement.generateTestNGXML(QuoteManagement.java:220)
	at com.znalytics.quotemanagement.tests.QuoteManagement.loadData(QuoteManagement.java:62)
	at com.znalytics.framework.core.TestModules.executeModules(TestModules.java:88)
	at com.znalytics.framework.core.Start.parseClientsAndTests(Start.java:140)
	at com.znalytics.framework.core.Start.main(Start.java:59)
... Removed 24 stack frames</pre></div><a href='#' onClick='toggleBox("stack-trace689654773", this, "Click to show all stack frames", "Click to hide stack frames")'>Click to show all stack frames</a>
<div class='stack-trace' id='stack-trace689654773'><pre>org.openqa.selenium.NoSuchElementException: no such element
  (Session info: chrome=46.0.2490.86)
  (Driver info: chromedriver=2.15.322448 (52179c1b310fec1797c81ea9a20326839860b7d3),platform=Windows NT 6.1 x86_64) (WARNING: The server did not provide any stacktrace information)
Command duration or timeout: 30.02 seconds
For documentation on this error, please visit: http://seleniumhq.org/exceptions/no_such_element.html
Build info: version: &apos;2.45.0&apos;, revision: &apos;5017cb8&apos;, time: &apos;2015-02-26 23:59:50&apos;
System info: host: &apos;home-PC&apos;, ip: &apos;30.30.119.78&apos;, os.name: &apos;Windows 7&apos;, os.arch: &apos;amd64&apos;, os.version: &apos;6.1&apos;, java.version: &apos;1.8.0_05&apos;
Driver info: org.openqa.selenium.chrome.ChromeDriver
Capabilities [{applicationCacheEnabled=false, rotatable=false, mobileEmulationEnabled=false, chrome={userDataDir=C:\Users\home\AppData\Local\Temp\scoped_dir4896_16643}, takesHeapSnapshot=true, databaseEnabled=false, handlesAlerts=true, version=46.0.2490.86, platform=XP, browserConnectionEnabled=false, nativeEvents=true, acceptSslCerts=true, locationContextEnabled=true, webStorageEnabled=true, browserName=chrome, takesScreenshot=true, javascriptEnabled=true, cssSelectorsEnabled=true}]
Session ID: a224e1976cb0d45c676699e999be446c
*** Element info: {Using=xpath, value=//h4[contains(@class,&apos;no-margin&apos;)]}
	at sun.reflect.GeneratedConstructorAccessor12.newInstance(Unknown Source)
	at sun.reflect.DelegatingConstructorAccessorImpl.newInstance(DelegatingConstructorAccessorImpl.java:45)
	at java.lang.reflect.Constructor.newInstance(Constructor.java:408)
	at org.openqa.selenium.remote.ErrorHandler.createThrowable(ErrorHandler.java:204)
	at org.openqa.selenium.remote.ErrorHandler.throwIfResponseFailed(ErrorHandler.java:156)
	at org.openqa.selenium.remote.RemoteWebDriver.execute(RemoteWebDriver.java:599)
	at org.openqa.selenium.remote.RemoteWebDriver.findElement(RemoteWebDriver.java:352)
	at org.openqa.selenium.remote.RemoteWebDriver.findElementByXPath(RemoteWebDriver.java:449)
	at org.openqa.selenium.By$ByXPath.findElement(By.java:357)
	at org.openqa.selenium.remote.RemoteWebDriver.findElement(RemoteWebDriver.java:344)
	at org.openqa.selenium.support.pagefactory.DefaultElementLocator.findElement(DefaultElementLocator.java:59)
	at org.openqa.selenium.support.pagefactory.internal.LocatingElementHandler.invoke(LocatingElementHandler.java:37)
	at com.sun.proxy.$Proxy6.getWrappedElement(Unknown Source)
	at org.openqa.selenium.remote.internal.WebElementToJsonConverter.apply(WebElementToJsonConverter.java:48)
	at com.google.common.collect.Iterators$8.transform(Iterators.java:799)
	at com.google.common.collect.TransformedIterator.next(TransformedIterator.java:48)
	at com.google.common.collect.Iterators.addAll(Iterators.java:362)
	at com.google.common.collect.Lists.newArrayList(Lists.java:160)
	at com.google.common.collect.Lists.newArrayList(Lists.java:144)
	at org.openqa.selenium.remote.RemoteWebDriver.executeScript(RemoteWebDriver.java:506)
	at com.znalytics.framework.utility.Element.highlightElement(Element.java:205)
	at com.znalytics.framework.utility.Element.scrollElementIntoView(Element.java:508)
	at com.znalytics.quotemanagement.tests.SmokeSearchQuote.testQuoteCode(SmokeSearchQuote.java:111)
	at sun.reflect.NativeMethodAccessorImpl.invoke0(Native Method)
	at sun.reflect.NativeMethodAccessorImpl.invoke(NativeMethodAccessorImpl.java:62)
	at sun.reflect.DelegatingMethodAccessorImpl.invoke(DelegatingMethodAccessorImpl.java:43)
	at java.lang.reflect.Method.invoke(Method.java:483)
	at org.testng.internal.MethodInvocationHelper.invokeMethod(MethodInvocationHelper.java:84)
	at org.testng.internal.Invoker.invokeMethod(Invoker.java:714)
	at org.testng.internal.Invoker.invokeTestMethod(Invoker.java:901)
	at org.testng.internal.Invoker.invokeTestMethods(Invoker.java:1231)
	at org.testng.internal.TestMethodWorker.invokeTestMethods(TestMethodWorker.java:127)
	at org.testng.internal.TestMethodWorker.run(TestMethodWorker.java:111)
	at org.testng.TestRunner.privateRun(TestRunner.java:767)
	at org.testng.TestRunner.run(TestRunner.java:617)
	at org.testng.SuiteRunner.runTest(SuiteRunner.java:334)
	at org.testng.SuiteRunner.runSequentially(SuiteRunner.java:329)
	at org.testng.SuiteRunner.privateRun(SuiteRunner.java:291)
	at org.testng.SuiteRunner.run(SuiteRunner.java:240)
	at org.testng.SuiteRunnerWorker.runSuite(SuiteRunnerWorker.java:52)
	at org.testng.SuiteRunnerWorker.run(SuiteRunnerWorker.java:86)
	at org.testng.TestNG.runSuitesSequentially(TestNG.java:1224)
	at org.testng.TestNG.runSuitesLocally(TestNG.java:1149)
	at org.testng.TestNG.run(TestNG.java:1057)
	at com.znalytics.quotemanagement.tests.QuoteManagement.generateTestNGXML(QuoteManagement.java:220)
	at com.znalytics.quotemanagement.tests.QuoteManagement.loadData(QuoteManagement.java:62)
	at com.znalytics.framework.core.TestModules.executeModules(TestModules.java:88)
	at com.znalytics.framework.core.Start.parseClientsAndTests(Start.java:140)
	at com.znalytics.framework.core.Start.main(Start.java:59)
</pre></div></td>
<td>30</td>
<td>com.znalytics.quotemanagement.tests.SmokeSearchQuote@694abbdc</td></tr>
</table><p>
<table width='100%' border='1' class='invocation-passed'>
<tr><td colspan='4' align='center'><b>PASSED TESTS</b></td></tr>
<tr><td><b>Test method</b></td>
<td width="30%"><b>Exception</b></td>
<td width="10%"><b>Time (seconds)</b></td>
<td><b>Instance</b></td>
</tr>
<tr>
<td title='com.znalytics.common.tests.Login.testLogin()'><b>testLogin</b><br>Test class: com.znalytics.common.tests.Login<br>Parameters: http://qa.znergysuite.com, domainadmin@znalytics.com, Znalytics123<br/>
<a href="#Output-164974746" onClick='toggleBox("Output-164974746", this, "Show output", "Hide output");'>Show output</a>

<a href="#Output-164974746" onClick="toggleAllBoxes();">Show all outputs</a>
<div class='log' id="Output-164974746">
Saved <a href=C:\Users\home\workspace\GoldS\Reports\20151122\quotemanagement_Smoke\screenshots\pass\testLogin_20151122_091906.png>Screenshot</a><br/>
</div>
</td>
<td></td>
<td>43</td>
<td>com.znalytics.common.tests.Login@294425a7</td></tr>
</table><p>
<table width='100%' border='1' class='invocation-skipped'>
<tr><td colspan='4' align='center'><b>SKIPPED TESTS</b></td></tr>
<tr><td><b>Test method</b></td>
<td width="30%"><b>Exception</b></td>
<td width="10%"><b>Time (seconds)</b></td>
<td><b>Instance</b></td>
</tr>
<tr>
<td title='com.znalytics.common.tests.Logout.testLogout()'><b>testLogout</b><br>Test class: com.znalytics.common.tests.Logout</td>
<td></td>
<td>0</td>
<td>null</td></tr>
</table><p>
</body>
</html>