<html>
<head>
<title>TestNG:  Znalytics Execution Report - productmanagement smoke Smoke test scripts</title>
<link href="../testng.css" rel="stylesheet" type="text/css" />
<link href="../my-testng.css" rel="stylesheet" type="text/css" />

<style type="text/css">
.log { display: none;} 
.stack-trace { display: none;} 
</style>
<script type="text/javascript">
<!--
function flip(e) {
  current = e.style.display;
  if (current == 'block') {
    e.style.display = 'none';
    return 0;
  }
  else {
    e.style.display = 'block';
    return 1;
  }
}

function toggleBox(szDivId, elem, msg1, msg2)
{
  var res = -1;  if (document.getElementById) {
    res = flip(document.getElementById(szDivId));
  }
  else if (document.all) {
    // this is the way old msie versions work
    res = flip(document.all[szDivId]);
  }
  if(elem) {
    if(res == 0) elem.innerHTML = msg1; else elem.innerHTML = msg2;
  }

}

function toggleAllBoxes() {
  if (document.getElementsByTagName) {
    d = document.getElementsByTagName('div');
    for (i = 0; i < d.length; i++) {
      if (d[i].className == 'log') {
        flip(d[i]);
      }
    }
  }
}

// -->
</script>

</head>
<body>
<h2 align='center'>Znalytics Execution Report - productmanagement smoke Smoke test scripts</h2><table border='1' align="center">
<tr>
<td>Tests passed/Failed/Skipped:</td><td>4/5/0</td>
</tr><tr>
<td>Started on:</td><td>Mon Nov 23 10:19:16 IST 2015</td>
</tr>
<tr><td>Total time:</td><td>522 seconds (522633 ms)</td>
</tr><tr>
<td>Included groups:</td><td></td>
</tr><tr>
<td>Excluded groups:</td><td></td>
</tr>
</table><p/>
<small><i>(Hover the method name to see the test class name)</i></small><p/>
<table width='100%' border='1' class='invocation-failed'>
<tr><td colspan='4' align='center'><b>FAILED TESTS</b></td></tr>
<tr><td><b>Test method</b></td>
<td width="30%"><b>Exception</b></td>
<td width="10%"><b>Time (seconds)</b></td>
<td><b>Instance</b></td>
</tr>
<tr>
<td title='com.znalytics.productmanagement.tests.SmokeTestScripts.testAddProduct()'><b>testAddProduct</b><br>Test class: com.znalytics.productmanagement.tests.SmokeTestScripts<br/>
<a href="#Output-868815265" onClick='toggleBox("Output-868815265", this, "Show output", "Hide output");'>Show output</a>

<a href="#Output-868815265" onClick="toggleAllBoxes();">Show all outputs</a>
<div class='log' id="Output-868815265">
ProuctCode text field is enabled and present: Pass.<br/>
Saved <a href=C:\Users\home\workspace\GoldS\Reports\20151123\productmanagement_Smoke\screenshots\pass\testAddProductPage_20151123_102111.png>Screenshot</a><br/>
ProuctName text field is enabled and present: Pass.<br/>
Saved <a href=C:\Users\home\workspace\GoldS\Reports\20151123\productmanagement_Smoke\screenshots\pass\testAddProductPage_20151123_102113.png>Screenshot</a><br/>
ProuctDescription text field is enabled and present: Pass.<br/>
Saved <a href=C:\Users\home\workspace\GoldS\Reports\20151123\productmanagement_Smoke\screenshots\pass\testAddProductPage_20151123_102115.png>Screenshot</a><br/>
ProductTagLine text field is enabled and present: Pass.<br/>
Saved <a href=C:\Users\home\workspace\GoldS\Reports\20151123\productmanagement_Smoke\screenshots\pass\testAddProductPage_20151123_102117.png>Screenshot</a><br/>
EffectiveDateCalendarIcon is enabled and present: Pass.<br/>
Saved <a href=C:\Users\home\workspace\GoldS\Reports\20151123\productmanagement_Smoke\screenshots\pass\testAddProductPage_20151123_102120.png>Screenshot</a><br/>
Saved <a href=C:\Users\home\workspace\GoldS\Reports\20151123\productmanagement_Smoke\screenshots\fail\testAddProduct_20151123_102152.png>Screenshot</a><br/>
</div>
</td>
<td><div><pre>java.lang.IndexOutOfBoundsException: Index: 0, Size: 0
	at java.util.ArrayList.rangeCheck(ArrayList.java:638)
	at java.util.ArrayList.get(ArrayList.java:414)
	at org.openqa.selenium.support.pagefactory.internal.LocatingElementListHandler.invoke(LocatingElementListHandler.java:38)
	at com.sun.proxy.$Proxy7.get(Unknown Source)
	at com.znalytics.framework.utility.AngularDropDown.selectAngularDropdownOptionByIndex(AngularDropDown.java:85)
	at com.znalytics.productmanagement.tests.SmokeTestScripts.testAddProduct(SmokeTestScripts.java:161)
	at com.znalytics.productmanagement.tests.ProductManagement.generateTestNGXML(ProductManagement.java:233)
	at com.znalytics.productmanagement.tests.ProductManagement.loadData(ProductManagement.java:64)
	at com.znalytics.framework.core.TestModules.executeModules(TestModules.java:63)
	at com.znalytics.framework.core.Start.parseClientsAndTests(Start.java:140)
	at com.znalytics.framework.core.Start.main(Start.java:59)
... Removed 25 stack frames</pre></div><a href='#' onClick='toggleBox("stack-trace868815265", this, "Click to show all stack frames", "Click to hide stack frames")'>Click to show all stack frames</a>
<div class='stack-trace' id='stack-trace868815265'><pre>java.lang.IndexOutOfBoundsException: Index: 0, Size: 0
	at java.util.ArrayList.rangeCheck(ArrayList.java:638)
	at java.util.ArrayList.get(ArrayList.java:414)
	at sun.reflect.NativeMethodAccessorImpl.invoke0(Native Method)
	at sun.reflect.NativeMethodAccessorImpl.invoke(NativeMethodAccessorImpl.java:62)
	at sun.reflect.DelegatingMethodAccessorImpl.invoke(DelegatingMethodAccessorImpl.java:43)
	at java.lang.reflect.Method.invoke(Method.java:483)
	at org.openqa.selenium.support.pagefactory.internal.LocatingElementListHandler.invoke(LocatingElementListHandler.java:38)
	at com.sun.proxy.$Proxy7.get(Unknown Source)
	at com.znalytics.framework.utility.AngularDropDown.selectAngularDropdownOptionByIndex(AngularDropDown.java:85)
	at com.znalytics.productmanagement.tests.SmokeTestScripts.testAddProduct(SmokeTestScripts.java:161)
	at sun.reflect.NativeMethodAccessorImpl.invoke0(Native Method)
	at sun.reflect.NativeMethodAccessorImpl.invoke(NativeMethodAccessorImpl.java:62)
	at sun.reflect.DelegatingMethodAccessorImpl.invoke(DelegatingMethodAccessorImpl.java:43)
	at java.lang.reflect.Method.invoke(Method.java:483)
	at org.testng.internal.MethodInvocationHelper.invokeMethod(MethodInvocationHelper.java:84)
	at org.testng.internal.Invoker.invokeMethod(Invoker.java:714)
	at org.testng.internal.Invoker.invokeTestMethod(Invoker.java:901)
	at org.testng.internal.Invoker.invokeTestMethods(Invoker.java:1231)
	at org.testng.internal.TestMethodWorker.invokeTestMethods(TestMethodWorker.java:127)
	at org.testng.internal.TestMethodWorker.run(TestMethodWorker.java:111)
	at org.testng.TestRunner.privateRun(TestRunner.java:767)
	at org.testng.TestRunner.run(TestRunner.java:617)
	at org.testng.SuiteRunner.runTest(SuiteRunner.java:334)
	at org.testng.SuiteRunner.runSequentially(SuiteRunner.java:329)
	at org.testng.SuiteRunner.privateRun(SuiteRunner.java:291)
	at org.testng.SuiteRunner.run(SuiteRunner.java:240)
	at org.testng.SuiteRunnerWorker.runSuite(SuiteRunnerWorker.java:52)
	at org.testng.SuiteRunnerWorker.run(SuiteRunnerWorker.java:86)
	at org.testng.TestNG.runSuitesSequentially(TestNG.java:1224)
	at org.testng.TestNG.runSuitesLocally(TestNG.java:1149)
	at org.testng.TestNG.run(TestNG.java:1057)
	at com.znalytics.productmanagement.tests.ProductManagement.generateTestNGXML(ProductManagement.java:233)
	at com.znalytics.productmanagement.tests.ProductManagement.loadData(ProductManagement.java:64)
	at com.znalytics.framework.core.TestModules.executeModules(TestModules.java:63)
	at com.znalytics.framework.core.Start.parseClientsAndTests(Start.java:140)
	at com.znalytics.framework.core.Start.main(Start.java:59)
</pre></div></td>
<td>79</td>
<td>com.znalytics.productmanagement.tests.SmokeTestScripts@4f6ee6e4</td></tr>
<tr>
<td title='com.znalytics.common.tests.Logout.testLogout()'><b>testLogout</b><br>Test class: com.znalytics.common.tests.Logout<br/>
<a href="#Output-1709804316" onClick='toggleBox("Output-1709804316", this, "Show output", "Hide output");'>Show output</a>

<a href="#Output-1709804316" onClick="toggleAllBoxes();">Show all outputs</a>
<div class='log' id="Output-1709804316">
Saved <a href=C:\Users\home\workspace\GoldS\Reports\20151123\productmanagement_Smoke\screenshots\fail\testLogout_20151123_102031.png>Screenshot</a><br/>
</div>
</td>
<td><div><pre>java.lang.AssertionError: Unable to logout from application.
	at com.znalytics.common.tests.Logout.testLogout(Logout.java:31)
	at com.znalytics.productmanagement.tests.ProductManagement.generateTestNGXML(ProductManagement.java:233)
	at com.znalytics.productmanagement.tests.ProductManagement.loadData(ProductManagement.java:64)
	at com.znalytics.framework.core.TestModules.executeModules(TestModules.java:63)
	at com.znalytics.framework.core.Start.parseClientsAndTests(Start.java:140)
	at com.znalytics.framework.core.Start.main(Start.java:59)
... Removed 22 stack frames</pre></div><a href='#' onClick='toggleBox("stack-trace1709804316", this, "Click to show all stack frames", "Click to hide stack frames")'>Click to show all stack frames</a>
<div class='stack-trace' id='stack-trace1709804316'><pre>java.lang.AssertionError: Unable to logout from application.
	at org.testng.Assert.fail(Assert.java:94)
	at com.znalytics.common.tests.Logout.testLogout(Logout.java:31)
	at sun.reflect.NativeMethodAccessorImpl.invoke0(Native Method)
	at sun.reflect.NativeMethodAccessorImpl.invoke(NativeMethodAccessorImpl.java:62)
	at sun.reflect.DelegatingMethodAccessorImpl.invoke(DelegatingMethodAccessorImpl.java:43)
	at java.lang.reflect.Method.invoke(Method.java:483)
	at org.testng.internal.MethodInvocationHelper.invokeMethod(MethodInvocationHelper.java:84)
	at org.testng.internal.Invoker.invokeMethod(Invoker.java:714)
	at org.testng.internal.Invoker.invokeTestMethod(Invoker.java:901)
	at org.testng.internal.Invoker.invokeTestMethods(Invoker.java:1231)
	at org.testng.internal.TestMethodWorker.invokeTestMethods(TestMethodWorker.java:127)
	at org.testng.internal.TestMethodWorker.run(TestMethodWorker.java:111)
	at org.testng.TestRunner.privateRun(TestRunner.java:767)
	at org.testng.TestRunner.run(TestRunner.java:617)
	at org.testng.SuiteRunner.runTest(SuiteRunner.java:334)
	at org.testng.SuiteRunner.runSequentially(SuiteRunner.java:329)
	at org.testng.SuiteRunner.privateRun(SuiteRunner.java:291)
	at org.testng.SuiteRunner.run(SuiteRunner.java:240)
	at org.testng.SuiteRunnerWorker.runSuite(SuiteRunnerWorker.java:52)
	at org.testng.SuiteRunnerWorker.run(SuiteRunnerWorker.java:86)
	at org.testng.TestNG.runSuitesSequentially(TestNG.java:1224)
	at org.testng.TestNG.runSuitesLocally(TestNG.java:1149)
	at org.testng.TestNG.run(TestNG.java:1057)
	at com.znalytics.productmanagement.tests.ProductManagement.generateTestNGXML(ProductManagement.java:233)
	at com.znalytics.productmanagement.tests.ProductManagement.loadData(ProductManagement.java:64)
	at com.znalytics.framework.core.TestModules.executeModules(TestModules.java:63)
	at com.znalytics.framework.core.Start.parseClientsAndTests(Start.java:140)
	at com.znalytics.framework.core.Start.main(Start.java:59)
</pre></div></td>
<td>30</td>
<td>com.znalytics.common.tests.Logout@7ec7ffd3</td></tr>
<tr>
<td title='com.znalytics.productmanagement.tests.SmokeTestScripts.testNavigateToEditRateSchedule()'><b>testNavigateToEditRateSchedule</b><br>Test class: com.znalytics.productmanagement.tests.SmokeTestScripts<br/>
<a href="#Output-508512860" onClick='toggleBox("Output-508512860", this, "Show output", "Hide output");'>Show output</a>

<a href="#Output-508512860" onClick="toggleAllBoxes();">Show all outputs</a>
<div class='log' id="Output-508512860">
Saved <a href=C:\Users\home\workspace\GoldS\Reports\20151123\productmanagement_Smoke\screenshots\fail\testNavigateToEditRateSchedule_20151123_102727.png>Screenshot</a><br/>
</div>
</td>
<td><div><pre>java.lang.AssertionError: Unable to find Element on page: Proxy element for: org.openqa.selenium.support.pagefactory.DefaultElementLocator@16150369
	at com.znalytics.framework.utility.WaitUtils.waitForElement(WaitUtils.java:74)
	at com.znalytics.productmanagement.pages.SearchProductPage.getEditRateScheudleLink1(SearchProductPage.java:723)
	at com.znalytics.productmanagement.tests.SmokeTestScripts.testNavigateToEditRateSchedule(SmokeTestScripts.java:382)
	at com.znalytics.productmanagement.tests.ProductManagement.generateTestNGXML(ProductManagement.java:233)
	at com.znalytics.productmanagement.tests.ProductManagement.loadData(ProductManagement.java:64)
	at com.znalytics.framework.core.TestModules.executeModules(TestModules.java:63)
	at com.znalytics.framework.core.Start.parseClientsAndTests(Start.java:140)
	at com.znalytics.framework.core.Start.main(Start.java:59)
... Removed 22 stack frames</pre></div><a href='#' onClick='toggleBox("stack-trace508512860", this, "Click to show all stack frames", "Click to hide stack frames")'>Click to show all stack frames</a>
<div class='stack-trace' id='stack-trace508512860'><pre>java.lang.AssertionError: Unable to find Element on page: Proxy element for: org.openqa.selenium.support.pagefactory.DefaultElementLocator@16150369
	at org.testng.Assert.fail(Assert.java:94)
	at com.znalytics.framework.utility.WaitUtils.waitForElement(WaitUtils.java:74)
	at com.znalytics.productmanagement.pages.SearchProductPage.getEditRateScheudleLink1(SearchProductPage.java:723)
	at com.znalytics.productmanagement.tests.SmokeTestScripts.testNavigateToEditRateSchedule(SmokeTestScripts.java:382)
	at sun.reflect.NativeMethodAccessorImpl.invoke0(Native Method)
	at sun.reflect.NativeMethodAccessorImpl.invoke(NativeMethodAccessorImpl.java:62)
	at sun.reflect.DelegatingMethodAccessorImpl.invoke(DelegatingMethodAccessorImpl.java:43)
	at java.lang.reflect.Method.invoke(Method.java:483)
	at org.testng.internal.MethodInvocationHelper.invokeMethod(MethodInvocationHelper.java:84)
	at org.testng.internal.Invoker.invokeMethod(Invoker.java:714)
	at org.testng.internal.Invoker.invokeTestMethod(Invoker.java:901)
	at org.testng.internal.Invoker.invokeTestMethods(Invoker.java:1231)
	at org.testng.internal.TestMethodWorker.invokeTestMethods(TestMethodWorker.java:127)
	at org.testng.internal.TestMethodWorker.run(TestMethodWorker.java:111)
	at org.testng.TestRunner.privateRun(TestRunner.java:767)
	at org.testng.TestRunner.run(TestRunner.java:617)
	at org.testng.SuiteRunner.runTest(SuiteRunner.java:334)
	at org.testng.SuiteRunner.runSequentially(SuiteRunner.java:329)
	at org.testng.SuiteRunner.privateRun(SuiteRunner.java:291)
	at org.testng.SuiteRunner.run(SuiteRunner.java:240)
	at org.testng.SuiteRunnerWorker.runSuite(SuiteRunnerWorker.java:52)
	at org.testng.SuiteRunnerWorker.run(SuiteRunnerWorker.java:86)
	at org.testng.TestNG.runSuitesSequentially(TestNG.java:1224)
	at org.testng.TestNG.runSuitesLocally(TestNG.java:1149)
	at org.testng.TestNG.run(TestNG.java:1057)
	at com.znalytics.productmanagement.tests.ProductManagement.generateTestNGXML(ProductManagement.java:233)
	at com.znalytics.productmanagement.tests.ProductManagement.loadData(ProductManagement.java:64)
	at com.znalytics.framework.core.TestModules.executeModules(TestModules.java:63)
	at com.znalytics.framework.core.Start.parseClientsAndTests(Start.java:140)
	at com.znalytics.framework.core.Start.main(Start.java:59)
</pre></div></td>
<td>30</td>
<td>com.znalytics.productmanagement.tests.SmokeTestScripts@4f6ee6e4</td></tr>
<tr>
<td title='com.znalytics.productmanagement.tests.SmokeTestScripts.testNavigateToEditRateScheduleItems()'><b>testNavigateToEditRateScheduleItems</b><br>Test class: com.znalytics.productmanagement.tests.SmokeTestScripts<br/>
<a href="#Output-605052357" onClick='toggleBox("Output-605052357", this, "Show output", "Hide output");'>Show output</a>

<a href="#Output-605052357" onClick="toggleAllBoxes();">Show all outputs</a>
<div class='log' id="Output-605052357">
Saved <a href=C:\Users\home\workspace\GoldS\Reports\20151123\productmanagement_Smoke\screenshots\fail\testNavigateToEditRateScheduleItems_20151123_102759.png>Screenshot</a><br/>
</div>
</td>
<td><div><pre>java.lang.AssertionError: Unable to find Element on page: Proxy element for: org.openqa.selenium.support.pagefactory.DefaultElementLocator@16150369
	at com.znalytics.framework.utility.WaitUtils.waitForElement(WaitUtils.java:74)
	at com.znalytics.productmanagement.pages.SearchProductPage.getEditRateScheudleLink1(SearchProductPage.java:723)
	at com.znalytics.productmanagement.tests.SmokeTestScripts.testNavigateToEditRateScheduleItems(SmokeTestScripts.java:417)
	at com.znalytics.productmanagement.tests.ProductManagement.generateTestNGXML(ProductManagement.java:233)
	at com.znalytics.productmanagement.tests.ProductManagement.loadData(ProductManagement.java:64)
	at com.znalytics.framework.core.TestModules.executeModules(TestModules.java:63)
	at com.znalytics.framework.core.Start.parseClientsAndTests(Start.java:140)
	at com.znalytics.framework.core.Start.main(Start.java:59)
... Removed 22 stack frames</pre></div><a href='#' onClick='toggleBox("stack-trace605052357", this, "Click to show all stack frames", "Click to hide stack frames")'>Click to show all stack frames</a>
<div class='stack-trace' id='stack-trace605052357'><pre>java.lang.AssertionError: Unable to find Element on page: Proxy element for: org.openqa.selenium.support.pagefactory.DefaultElementLocator@16150369
	at org.testng.Assert.fail(Assert.java:94)
	at com.znalytics.framework.utility.WaitUtils.waitForElement(WaitUtils.java:74)
	at com.znalytics.productmanagement.pages.SearchProductPage.getEditRateScheudleLink1(SearchProductPage.java:723)
	at com.znalytics.productmanagement.tests.SmokeTestScripts.testNavigateToEditRateScheduleItems(SmokeTestScripts.java:417)
	at sun.reflect.NativeMethodAccessorImpl.invoke0(Native Method)
	at sun.reflect.NativeMethodAccessorImpl.invoke(NativeMethodAccessorImpl.java:62)
	at sun.reflect.DelegatingMethodAccessorImpl.invoke(DelegatingMethodAccessorImpl.java:43)
	at java.lang.reflect.Method.invoke(Method.java:483)
	at org.testng.internal.MethodInvocationHelper.invokeMethod(MethodInvocationHelper.java:84)
	at org.testng.internal.Invoker.invokeMethod(Invoker.java:714)
	at org.testng.internal.Invoker.invokeTestMethod(Invoker.java:901)
	at org.testng.internal.Invoker.invokeTestMethods(Invoker.java:1231)
	at org.testng.internal.TestMethodWorker.invokeTestMethods(TestMethodWorker.java:127)
	at org.testng.internal.TestMethodWorker.run(TestMethodWorker.java:111)
	at org.testng.TestRunner.privateRun(TestRunner.java:767)
	at org.testng.TestRunner.run(TestRunner.java:617)
	at org.testng.SuiteRunner.runTest(SuiteRunner.java:334)
	at org.testng.SuiteRunner.runSequentially(SuiteRunner.java:329)
	at org.testng.SuiteRunner.privateRun(SuiteRunner.java:291)
	at org.testng.SuiteRunner.run(SuiteRunner.java:240)
	at org.testng.SuiteRunnerWorker.runSuite(SuiteRunnerWorker.java:52)
	at org.testng.SuiteRunnerWorker.run(SuiteRunnerWorker.java:86)
	at org.testng.TestNG.runSuitesSequentially(TestNG.java:1224)
	at org.testng.TestNG.runSuitesLocally(TestNG.java:1149)
	at org.testng.TestNG.run(TestNG.java:1057)
	at com.znalytics.productmanagement.tests.ProductManagement.generateTestNGXML(ProductManagement.java:233)
	at com.znalytics.productmanagement.tests.ProductManagement.loadData(ProductManagement.java:64)
	at com.znalytics.framework.core.TestModules.executeModules(TestModules.java:63)
	at com.znalytics.framework.core.Start.parseClientsAndTests(Start.java:140)
	at com.znalytics.framework.core.Start.main(Start.java:59)
</pre></div></td>
<td>30</td>
<td>com.znalytics.productmanagement.tests.SmokeTestScripts@4f6ee6e4</td></tr>
<tr>
<td title='com.znalytics.productmanagement.tests.SmokeTestScripts.testNavigateToViewProductPage()'><b>testNavigateToViewProductPage</b><br>Test class: com.znalytics.productmanagement.tests.SmokeTestScripts<br/>
<a href="#Output-603305436" onClick='toggleBox("Output-603305436", this, "Show output", "Hide output");'>Show output</a>

<a href="#Output-603305436" onClick="toggleAllBoxes();">Show all outputs</a>
<div class='log' id="Output-603305436">
Saved <a href=C:\Users\home\workspace\GoldS\Reports\20151123\productmanagement_Smoke\screenshots\fail\testNavigateToViewProductPage_20151123_102656.png>Screenshot</a><br/>
</div>
</td>
<td><div><pre>java.lang.AssertionError: Unable to find Element on page: Proxy element for: org.openqa.selenium.support.pagefactory.DefaultElementLocator@16150369
	at com.znalytics.framework.utility.WaitUtils.waitForElement(WaitUtils.java:74)
	at com.znalytics.productmanagement.pages.SearchProductPage.getEditRateScheudleLink1(SearchProductPage.java:723)
	at com.znalytics.productmanagement.tests.SmokeTestScripts.testNavigateToViewProductPage(SmokeTestScripts.java:340)
	at com.znalytics.productmanagement.tests.ProductManagement.generateTestNGXML(ProductManagement.java:233)
	at com.znalytics.productmanagement.tests.ProductManagement.loadData(ProductManagement.java:64)
	at com.znalytics.framework.core.TestModules.executeModules(TestModules.java:63)
	at com.znalytics.framework.core.Start.parseClientsAndTests(Start.java:140)
	at com.znalytics.framework.core.Start.main(Start.java:59)
... Removed 22 stack frames</pre></div><a href='#' onClick='toggleBox("stack-trace603305436", this, "Click to show all stack frames", "Click to hide stack frames")'>Click to show all stack frames</a>
<div class='stack-trace' id='stack-trace603305436'><pre>java.lang.AssertionError: Unable to find Element on page: Proxy element for: org.openqa.selenium.support.pagefactory.DefaultElementLocator@16150369
	at org.testng.Assert.fail(Assert.java:94)
	at com.znalytics.framework.utility.WaitUtils.waitForElement(WaitUtils.java:74)
	at com.znalytics.productmanagement.pages.SearchProductPage.getEditRateScheudleLink1(SearchProductPage.java:723)
	at com.znalytics.productmanagement.tests.SmokeTestScripts.testNavigateToViewProductPage(SmokeTestScripts.java:340)
	at sun.reflect.NativeMethodAccessorImpl.invoke0(Native Method)
	at sun.reflect.NativeMethodAccessorImpl.invoke(NativeMethodAccessorImpl.java:62)
	at sun.reflect.DelegatingMethodAccessorImpl.invoke(DelegatingMethodAccessorImpl.java:43)
	at java.lang.reflect.Method.invoke(Method.java:483)
	at org.testng.internal.MethodInvocationHelper.invokeMethod(MethodInvocationHelper.java:84)
	at org.testng.internal.Invoker.invokeMethod(Invoker.java:714)
	at org.testng.internal.Invoker.invokeTestMethod(Invoker.java:901)
	at org.testng.internal.Invoker.invokeTestMethods(Invoker.java:1231)
	at org.testng.internal.TestMethodWorker.invokeTestMethods(TestMethodWorker.java:127)
	at org.testng.internal.TestMethodWorker.run(TestMethodWorker.java:111)
	at org.testng.TestRunner.privateRun(TestRunner.java:767)
	at org.testng.TestRunner.run(TestRunner.java:617)
	at org.testng.SuiteRunner.runTest(SuiteRunner.java:334)
	at org.testng.SuiteRunner.runSequentially(SuiteRunner.java:329)
	at org.testng.SuiteRunner.privateRun(SuiteRunner.java:291)
	at org.testng.SuiteRunner.run(SuiteRunner.java:240)
	at org.testng.SuiteRunnerWorker.runSuite(SuiteRunnerWorker.java:52)
	at org.testng.SuiteRunnerWorker.run(SuiteRunnerWorker.java:86)
	at org.testng.TestNG.runSuitesSequentially(TestNG.java:1224)
	at org.testng.TestNG.runSuitesLocally(TestNG.java:1149)
	at org.testng.TestNG.run(TestNG.java:1057)
	at com.znalytics.productmanagement.tests.ProductManagement.generateTestNGXML(ProductManagement.java:233)
	at com.znalytics.productmanagement.tests.ProductManagement.loadData(ProductManagement.java:64)
	at com.znalytics.framework.core.TestModules.executeModules(TestModules.java:63)
	at com.znalytics.framework.core.Start.parseClientsAndTests(Start.java:140)
	at com.znalytics.framework.core.Start.main(Start.java:59)
</pre></div></td>
<td>30</td>
<td>com.znalytics.productmanagement.tests.SmokeTestScripts@4f6ee6e4</td></tr>
</table><p>
<table width='100%' border='1' class='invocation-passed'>
<tr><td colspan='4' align='center'><b>PASSED TESTS</b></td></tr>
<tr><td><b>Test method</b></td>
<td width="30%"><b>Exception</b></td>
<td width="10%"><b>Time (seconds)</b></td>
<td><b>Instance</b></td>
</tr>
<tr>
<td title='com.znalytics.productmanagement.tests.SmokeTestScripts.testExportExcel()'><b>testExportExcel</b><br>Test class: com.znalytics.productmanagement.tests.SmokeTestScripts<br/>
<a href="#Output-875313400" onClick='toggleBox("Output-875313400", this, "Show output", "Hide output");'>Show output</a>

<a href="#Output-875313400" onClick="toggleAllBoxes();">Show all outputs</a>
<div class='log' id="Output-875313400">
ProductSearchLabel is not present: Fail.<br/>
ExportToExcel is not present: Fail.<br/>
</div>
</td>
<td></td>
<td>60</td>
<td>com.znalytics.productmanagement.tests.SmokeTestScripts@4f6ee6e4</td></tr>
<tr>
<td title='com.znalytics.common.tests.Login.testLogin()'><b>testLogin</b><br>Test class: com.znalytics.common.tests.Login<br>Parameters: http://qa.znergysuite.com, domainadmin@znalytics.com, Znalytics123<br/>
<a href="#Output-1276261147" onClick='toggleBox("Output-1276261147", this, "Show output", "Hide output");'>Show output</a>

<a href="#Output-1276261147" onClick="toggleAllBoxes();">Show all outputs</a>
<div class='log' id="Output-1276261147">
Saved <a href=C:\Users\home\workspace\GoldS\Reports\20151123\productmanagement_Smoke\screenshots\pass\testLogin_20151123_102000.png>Screenshot</a><br/>
</div>
</td>
<td></td>
<td>43</td>
<td>com.znalytics.common.tests.Login@5b239d7d</td></tr>
<tr>
<td title='com.znalytics.productmanagement.tests.SmokeTestScripts.testNavigateToSearchPage()'><b>testNavigateToSearchPage</b><br>Test class: com.znalytics.productmanagement.tests.SmokeTestScripts<br/>
<a href="#Output-297602875" onClick='toggleBox("Output-297602875", this, "Show output", "Hide output");'>Show output</a>

<a href="#Output-297602875" onClick="toggleAllBoxes();">Show all outputs</a>
<div class='log' id="Output-297602875">
SearchProductTextField is not present: Fail.<br/>
SearchProductCode is not present: Fail.<br/>
CloseButton is not present: Fail.<br/>
</div>
</td>
<td></td>
<td>90</td>
<td>com.znalytics.productmanagement.tests.SmokeTestScripts@4f6ee6e4</td></tr>
<tr>
<td title='com.znalytics.productmanagement.tests.SmokeTestScripts.testNavigateToViewRateSchedule()'><b>testNavigateToViewRateSchedule</b><br>Test class: com.znalytics.productmanagement.tests.SmokeTestScripts<br/>
<a href="#Output-713312506" onClick='toggleBox("Output-713312506", this, "Show output", "Hide output");'>Show output</a>

<a href="#Output-713312506" onClick="toggleAllBoxes();">Show all outputs</a>
<div class='log' id="Output-713312506">
Not able to navigate to search record.<br/>
</div>
</td>
<td></td>
<td>121</td>
<td>com.znalytics.productmanagement.tests.SmokeTestScripts@4f6ee6e4</td></tr>
</table><p>
</body>
</html>