<?xml version="1.0" encoding="UTF-8"?>
<!-- Generated by org.testng.reporters.JUnitXMLReporter -->
<testsuite hostname="home-PC" name="Znalytics Execution Report - productmanagement smoke Smoke test scripts" tests="9" failures="5" timestamp="23 Nov 2015 04:57:59 GMT" time="522.633" errors="0">
  <testcase name="testLogin" time="43.533" classname="com.znalytics.common.tests.Login"/>
  <testcase name="testLogout" time="30.344" classname="com.znalytics.common.tests.Logout">
    <failure type="java.lang.AssertionError" message="Unable to logout from application.">
      <![CDATA[java.lang.AssertionError: Unable to logout from application.
	at com.znalytics.common.tests.Logout.testLogout(Logout.java:31)
	at com.znalytics.productmanagement.tests.ProductManagement.generateTestNGXML(ProductManagement.java:233)
	at com.znalytics.productmanagement.tests.ProductManagement.loadData(ProductManagement.java:64)
	at com.znalytics.framework.core.TestModules.executeModules(TestModules.java:63)
	at com.znalytics.framework.core.Start.parseClientsAndTests(Start.java:140)
	at com.znalytics.framework.core.Start.main(Start.java:59)
... Removed 22 stack frames]]>
    </failure>
  </testcase> <!-- testLogout -->
  <testcase name="testAddProduct" time="79.076" classname="com.znalytics.productmanagement.tests.SmokeTestScripts">
    <failure type="java.lang.IndexOutOfBoundsException" message="Index: 0, Size: 0">
      <![CDATA[java.lang.IndexOutOfBoundsException: Index: 0, Size: 0
	at java.util.ArrayList.rangeCheck(ArrayList.java:638)
	at java.util.ArrayList.get(ArrayList.java:414)
	at org.openqa.selenium.support.pagefactory.internal.LocatingElementListHandler.invoke(LocatingElementListHandler.java:38)
	at com.sun.proxy.$Proxy7.get(Unknown Source)
	at com.znalytics.framework.utility.AngularDropDown.selectAngularDropdownOptionByIndex(AngularDropDown.java:85)
	at com.znalytics.productmanagement.tests.SmokeTestScripts.testAddProduct(SmokeTestScripts.java:161)
	at com.znalytics.productmanagement.tests.ProductManagement.generateTestNGXML(ProductManagement.java:233)
	at com.znalytics.productmanagement.tests.ProductManagement.loadData(ProductManagement.java:64)
	at com.znalytics.framework.core.TestModules.executeModules(TestModules.java:63)
	at com.znalytics.framework.core.Start.parseClientsAndTests(Start.java:140)
	at com.znalytics.framework.core.Start.main(Start.java:59)
... Removed 25 stack frames]]>
    </failure>
  </testcase> <!-- testAddProduct -->
  <testcase name="testNavigateToSearchPage" time="90.838" classname="com.znalytics.productmanagement.tests.SmokeTestScripts"/>
  <testcase name="testExportExcel" time="60.487" classname="com.znalytics.productmanagement.tests.SmokeTestScripts"/>
  <testcase name="testNavigateToViewRateSchedule" time="121.783" classname="com.znalytics.productmanagement.tests.SmokeTestScripts"/>
  <testcase name="testNavigateToViewProductPage" time="30.253" classname="com.znalytics.productmanagement.tests.SmokeTestScripts">
    <failure type="java.lang.AssertionError" message="Unable to find Element on page: Proxy element for: org.openqa.selenium.support.pagefactory.DefaultElementLocator@16150369">
      <![CDATA[java.lang.AssertionError: Unable to find Element on page: Proxy element for: org.openqa.selenium.support.pagefactory.DefaultElementLocator@16150369
	at com.znalytics.framework.utility.WaitUtils.waitForElement(WaitUtils.java:74)
	at com.znalytics.productmanagement.pages.SearchProductPage.getEditRateScheudleLink1(SearchProductPage.java:723)
	at com.znalytics.productmanagement.tests.SmokeTestScripts.testNavigateToViewProductPage(SmokeTestScripts.java:340)
	at com.znalytics.productmanagement.tests.ProductManagement.generateTestNGXML(ProductManagement.java:233)
	at com.znalytics.productmanagement.tests.ProductManagement.loadData(ProductManagement.java:64)
	at com.znalytics.framework.core.TestModules.executeModules(TestModules.java:63)
	at com.znalytics.framework.core.Start.parseClientsAndTests(Start.java:140)
	at com.znalytics.framework.core.Start.main(Start.java:59)
... Removed 22 stack frames]]>
    </failure>
  </testcase> <!-- testNavigateToViewProductPage -->
  <testcase name="testNavigateToEditRateSchedule" time="30.222" classname="com.znalytics.productmanagement.tests.SmokeTestScripts">
    <failure type="java.lang.AssertionError" message="Unable to find Element on page: Proxy element for: org.openqa.selenium.support.pagefactory.DefaultElementLocator@16150369">
      <![CDATA[java.lang.AssertionError: Unable to find Element on page: Proxy element for: org.openqa.selenium.support.pagefactory.DefaultElementLocator@16150369
	at com.znalytics.framework.utility.WaitUtils.waitForElement(WaitUtils.java:74)
	at com.znalytics.productmanagement.pages.SearchProductPage.getEditRateScheudleLink1(SearchProductPage.java:723)
	at com.znalytics.productmanagement.tests.SmokeTestScripts.testNavigateToEditRateSchedule(SmokeTestScripts.java:382)
	at com.znalytics.productmanagement.tests.ProductManagement.generateTestNGXML(ProductManagement.java:233)
	at com.znalytics.productmanagement.tests.ProductManagement.loadData(ProductManagement.java:64)
	at com.znalytics.framework.core.TestModules.executeModules(TestModules.java:63)
	at com.znalytics.framework.core.Start.parseClientsAndTests(Start.java:140)
	at com.znalytics.framework.core.Start.main(Start.java:59)
... Removed 22 stack frames]]>
    </failure>
  </testcase> <!-- testNavigateToEditRateSchedule -->
  <testcase name="testNavigateToEditRateScheduleItems" time="30.23" classname="com.znalytics.productmanagement.tests.SmokeTestScripts">
    <failure type="java.lang.AssertionError" message="Unable to find Element on page: Proxy element for: org.openqa.selenium.support.pagefactory.DefaultElementLocator@16150369">
      <![CDATA[java.lang.AssertionError: Unable to find Element on page: Proxy element for: org.openqa.selenium.support.pagefactory.DefaultElementLocator@16150369
	at com.znalytics.framework.utility.WaitUtils.waitForElement(WaitUtils.java:74)
	at com.znalytics.productmanagement.pages.SearchProductPage.getEditRateScheudleLink1(SearchProductPage.java:723)
	at com.znalytics.productmanagement.tests.SmokeTestScripts.testNavigateToEditRateScheduleItems(SmokeTestScripts.java:417)
	at com.znalytics.productmanagement.tests.ProductManagement.generateTestNGXML(ProductManagement.java:233)
	at com.znalytics.productmanagement.tests.ProductManagement.loadData(ProductManagement.java:64)
	at com.znalytics.framework.core.TestModules.executeModules(TestModules.java:63)
	at com.znalytics.framework.core.Start.parseClientsAndTests(Start.java:140)
	at com.znalytics.framework.core.Start.main(Start.java:59)
... Removed 22 stack frames]]>
    </failure>
  </testcase> <!-- testNavigateToEditRateScheduleItems -->
</testsuite> <!-- Znalytics Execution Report - productmanagement smoke Smoke test scripts -->
