<?xml version="1.0" encoding="UTF-8"?>
<!-- Generated by org.testng.reporters.JUnitXMLReporter -->
<testsuite hostname="home-PC" name="Znalytics Execution Report - quotemanagement smoke Search Quote Test" tests="5" failures="3" timestamp="23 Nov 2015 04:31:44 GMT" time="168.314" errors="0">
  <testcase name="testLogin" time="43.608" classname="com.znalytics.common.tests.Login"/>
  <testcase name="testNavigateQouteRequestPage" time="60.969" classname="com.znalytics.quotemanagement.tests.SmokeSearchQuote">
    <failure type="java.lang.AssertionError" message="Not able to navigate to qoute request page.">
      <![CDATA[java.lang.AssertionError: Not able to navigate to qoute request page.
	at com.znalytics.quotemanagement.tests.SmokeSearchQuote.testNavigateQouteRequestPage(SmokeSearchQuote.java:68)
	at com.znalytics.quotemanagement.tests.QuoteManagement.generateTestNGXML(QuoteManagement.java:220)
	at com.znalytics.quotemanagement.tests.QuoteManagement.loadData(QuoteManagement.java:62)
	at com.znalytics.framework.core.TestModules.executeModules(TestModules.java:88)
	at com.znalytics.framework.core.Start.parseClientsAndTests(Start.java:140)
	at com.znalytics.framework.core.Start.main(Start.java:59)
... Removed 22 stack frames]]>
    </failure>
  </testcase> <!-- testNavigateQouteRequestPage -->
  <testcase name="testExportExcel" time="30.037" classname="com.znalytics.quotemanagement.tests.SmokeSearchQuote">
    <failure type="org.openqa.selenium.NoSuchElementException" message="no such element
  (Session info: chrome=46.0.2490.86)
  (Driver info: chromedriver=2.15.322448 (52179c1b310fec1797c81ea9a20326839860b7d3),platform=Windows NT 6.1 x86_64) (WARNING: The server did not provide any stacktrace information)
Command duration or timeout: 30.02 seconds
For documentation on this error, please visit: http://seleniumhq.org/exceptions/no_such_element.html
Build info: version: &amp;apos;2.45.0&amp;apos;, revision: &amp;apos;5017cb8&amp;apos;, time: &amp;apos;2015-02-26 23:59:50&amp;apos;
System info: host: &amp;apos;home-PC&amp;apos;, ip: &amp;apos;30.30.119.78&amp;apos;, os.name: &amp;apos;Windows 7&amp;apos;, os.arch: &amp;apos;amd64&amp;apos;, os.version: &amp;apos;6.1&amp;apos;, java.version: &amp;apos;1.8.0_05&amp;apos;
Driver info: org.openqa.selenium.chrome.ChromeDriver
Capabilities [{applicationCacheEnabled=false, rotatable=false, mobileEmulationEnabled=false, chrome={userDataDir=C:\Users\home\AppData\Local\Temp\scoped_dir1044_22122}, takesHeapSnapshot=true, databaseEnabled=false, handlesAlerts=true, version=46.0.2490.86, platform=XP, browserConnectionEnabled=false, nativeEvents=true, acceptSslCerts=true, locationContextEnabled=true, webStorageEnabled=true, browserName=chrome, takesScreenshot=true, javascriptEnabled=true, cssSelectorsEnabled=true}]
Session ID: af6b24ba5e752094278692e979cdd276
*** Element info: {Using=xpath, value=//a[contains(text(),&amp;apos;Export to Excel&amp;apos;) and contains(@class,&amp;apos;k-grid-excel&amp;apos;)]}">
      <![CDATA[org.openqa.selenium.NoSuchElementException: no such element
  (Session info: chrome=46.0.2490.86)
  (Driver info: chromedriver=2.15.322448 (52179c1b310fec1797c81ea9a20326839860b7d3),platform=Windows NT 6.1 x86_64) (WARNING: The server did not provide any stacktrace information)
Command duration or timeout: 30.02 seconds
For documentation on this error, please visit: http://seleniumhq.org/exceptions/no_such_element.html
Build info: version: '2.45.0', revision: '5017cb8', time: '2015-02-26 23:59:50'
System info: host: 'home-PC', ip: '30.30.119.78', os.name: 'Windows 7', os.arch: 'amd64', os.version: '6.1', java.version: '1.8.0_05'
Driver info: org.openqa.selenium.chrome.ChromeDriver
Capabilities [{applicationCacheEnabled=false, rotatable=false, mobileEmulationEnabled=false, chrome={userDataDir=C:\Users\home\AppData\Local\Temp\scoped_dir1044_22122}, takesHeapSnapshot=true, databaseEnabled=false, handlesAlerts=true, version=46.0.2490.86, platform=XP, browserConnectionEnabled=false, nativeEvents=true, acceptSslCerts=true, locationContextEnabled=true, webStorageEnabled=true, browserName=chrome, takesScreenshot=true, javascriptEnabled=true, cssSelectorsEnabled=true}]
Session ID: af6b24ba5e752094278692e979cdd276
*** Element info: {Using=xpath, value=//a[contains(text(),'Export to Excel') and contains(@class,'k-grid-excel')]}
	at org.openqa.selenium.remote.ErrorHandler.createThrowable(ErrorHandler.java:204)
	at org.openqa.selenium.remote.ErrorHandler.throwIfResponseFailed(ErrorHandler.java:156)
	at org.openqa.selenium.remote.RemoteWebDriver.execute(RemoteWebDriver.java:599)
	at org.openqa.selenium.remote.RemoteWebDriver.findElement(RemoteWebDriver.java:352)
	at org.openqa.selenium.remote.RemoteWebDriver.findElementByXPath(RemoteWebDriver.java:449)
	at org.openqa.selenium.By$ByXPath.findElement(By.java:357)
	at org.openqa.selenium.remote.RemoteWebDriver.findElement(RemoteWebDriver.java:344)
	at org.openqa.selenium.support.pagefactory.DefaultElementLocator.findElement(DefaultElementLocator.java:59)
	at org.openqa.selenium.support.pagefactory.internal.LocatingElementHandler.invoke(LocatingElementHandler.java:37)
	at com.sun.proxy.$Proxy6.getWrappedElement(Unknown Source)
	at org.openqa.selenium.remote.internal.WebElementToJsonConverter.apply(WebElementToJsonConverter.java:48)
	at com.google.common.collect.Iterators$8.transform(Iterators.java:799)
	at com.google.common.collect.TransformedIterator.next(TransformedIterator.java:48)
	at com.google.common.collect.Iterators.addAll(Iterators.java:362)
	at com.google.common.collect.Lists.newArrayList(Lists.java:160)
	at com.google.common.collect.Lists.newArrayList(Lists.java:144)
	at org.openqa.selenium.remote.RemoteWebDriver.executeScript(RemoteWebDriver.java:506)
	at com.znalytics.framework.utility.Element.highlightElement(Element.java:205)
	at com.znalytics.quotemanagement.tests.SmokeSearchQuote.testExportExcel(SmokeSearchQuote.java:78)
	at com.znalytics.quotemanagement.tests.QuoteManagement.generateTestNGXML(QuoteManagement.java:220)
	at com.znalytics.quotemanagement.tests.QuoteManagement.loadData(QuoteManagement.java:62)
	at com.znalytics.framework.core.TestModules.executeModules(TestModules.java:88)
	at com.znalytics.framework.core.Start.parseClientsAndTests(Start.java:140)
	at com.znalytics.framework.core.Start.main(Start.java:59)
... Removed 24 stack frames]]>
    </failure>
  </testcase> <!-- testExportExcel -->
  <testcase name="testQuoteCode" time="30.047" classname="com.znalytics.quotemanagement.tests.SmokeSearchQuote">
    <failure type="org.openqa.selenium.NoSuchElementException" message="no such element
  (Session info: chrome=46.0.2490.86)
  (Driver info: chromedriver=2.15.322448 (52179c1b310fec1797c81ea9a20326839860b7d3),platform=Windows NT 6.1 x86_64) (WARNING: The server did not provide any stacktrace information)
Command duration or timeout: 30.01 seconds
For documentation on this error, please visit: http://seleniumhq.org/exceptions/no_such_element.html
Build info: version: &amp;apos;2.45.0&amp;apos;, revision: &amp;apos;5017cb8&amp;apos;, time: &amp;apos;2015-02-26 23:59:50&amp;apos;
System info: host: &amp;apos;home-PC&amp;apos;, ip: &amp;apos;30.30.119.78&amp;apos;, os.name: &amp;apos;Windows 7&amp;apos;, os.arch: &amp;apos;amd64&amp;apos;, os.version: &amp;apos;6.1&amp;apos;, java.version: &amp;apos;1.8.0_05&amp;apos;
Driver info: org.openqa.selenium.chrome.ChromeDriver
Capabilities [{applicationCacheEnabled=false, rotatable=false, mobileEmulationEnabled=false, chrome={userDataDir=C:\Users\home\AppData\Local\Temp\scoped_dir1044_22122}, takesHeapSnapshot=true, databaseEnabled=false, handlesAlerts=true, version=46.0.2490.86, platform=XP, browserConnectionEnabled=false, nativeEvents=true, acceptSslCerts=true, locationContextEnabled=true, webStorageEnabled=true, browserName=chrome, takesScreenshot=true, javascriptEnabled=true, cssSelectorsEnabled=true}]
Session ID: af6b24ba5e752094278692e979cdd276
*** Element info: {Using=xpath, value=//h4[contains(@class,&amp;apos;no-margin&amp;apos;)]}">
      <![CDATA[org.openqa.selenium.NoSuchElementException: no such element
  (Session info: chrome=46.0.2490.86)
  (Driver info: chromedriver=2.15.322448 (52179c1b310fec1797c81ea9a20326839860b7d3),platform=Windows NT 6.1 x86_64) (WARNING: The server did not provide any stacktrace information)
Command duration or timeout: 30.01 seconds
For documentation on this error, please visit: http://seleniumhq.org/exceptions/no_such_element.html
Build info: version: '2.45.0', revision: '5017cb8', time: '2015-02-26 23:59:50'
System info: host: 'home-PC', ip: '30.30.119.78', os.name: 'Windows 7', os.arch: 'amd64', os.version: '6.1', java.version: '1.8.0_05'
Driver info: org.openqa.selenium.chrome.ChromeDriver
Capabilities [{applicationCacheEnabled=false, rotatable=false, mobileEmulationEnabled=false, chrome={userDataDir=C:\Users\home\AppData\Local\Temp\scoped_dir1044_22122}, takesHeapSnapshot=true, databaseEnabled=false, handlesAlerts=true, version=46.0.2490.86, platform=XP, browserConnectionEnabled=false, nativeEvents=true, acceptSslCerts=true, locationContextEnabled=true, webStorageEnabled=true, browserName=chrome, takesScreenshot=true, javascriptEnabled=true, cssSelectorsEnabled=true}]
Session ID: af6b24ba5e752094278692e979cdd276
*** Element info: {Using=xpath, value=//h4[contains(@class,'no-margin')]}
	at org.openqa.selenium.remote.ErrorHandler.createThrowable(ErrorHandler.java:204)
	at org.openqa.selenium.remote.ErrorHandler.throwIfResponseFailed(ErrorHandler.java:156)
	at org.openqa.selenium.remote.RemoteWebDriver.execute(RemoteWebDriver.java:599)
	at org.openqa.selenium.remote.RemoteWebDriver.findElement(RemoteWebDriver.java:352)
	at org.openqa.selenium.remote.RemoteWebDriver.findElementByXPath(RemoteWebDriver.java:449)
	at org.openqa.selenium.By$ByXPath.findElement(By.java:357)
	at org.openqa.selenium.remote.RemoteWebDriver.findElement(RemoteWebDriver.java:344)
	at org.openqa.selenium.support.pagefactory.DefaultElementLocator.findElement(DefaultElementLocator.java:59)
	at org.openqa.selenium.support.pagefactory.internal.LocatingElementHandler.invoke(LocatingElementHandler.java:37)
	at com.sun.proxy.$Proxy6.getWrappedElement(Unknown Source)
	at org.openqa.selenium.remote.internal.WebElementToJsonConverter.apply(WebElementToJsonConverter.java:48)
	at com.google.common.collect.Iterators$8.transform(Iterators.java:799)
	at com.google.common.collect.TransformedIterator.next(TransformedIterator.java:48)
	at com.google.common.collect.Iterators.addAll(Iterators.java:362)
	at com.google.common.collect.Lists.newArrayList(Lists.java:160)
	at com.google.common.collect.Lists.newArrayList(Lists.java:144)
	at org.openqa.selenium.remote.RemoteWebDriver.executeScript(RemoteWebDriver.java:506)
	at com.znalytics.framework.utility.Element.highlightElement(Element.java:205)
	at com.znalytics.framework.utility.Element.scrollElementIntoView(Element.java:508)
	at com.znalytics.quotemanagement.tests.SmokeSearchQuote.testQuoteCode(SmokeSearchQuote.java:111)
	at com.znalytics.quotemanagement.tests.QuoteManagement.generateTestNGXML(QuoteManagement.java:220)
	at com.znalytics.quotemanagement.tests.QuoteManagement.loadData(QuoteManagement.java:62)
	at com.znalytics.framework.core.TestModules.executeModules(TestModules.java:88)
	at com.znalytics.framework.core.Start.parseClientsAndTests(Start.java:140)
	at com.znalytics.framework.core.Start.main(Start.java:59)
... Removed 24 stack frames]]>
    </failure>
  </testcase> <!-- testQuoteCode -->
  <testcase name="testLogout" time="0.0" classname="com.znalytics.common.tests.Logout">
    <skipped/>
  </testcase> <!-- testLogout -->
</testsuite> <!-- Znalytics Execution Report - quotemanagement smoke Search Quote Test -->
